node   1  (   0,    0) (   3,    3) (   4,    4) (   2,    2) (   0,    0) (   2,    0) (   0,   18) (   0,    0) (   0,    0) (   0,    0)
          (   2,    0) (   0,   14) (   0,    0) (   0,    0) (   0,    0) (   2,    0) (   0,    7) (   0,    0) (   0,    0) (   0,    0)
          (   2,    0) (   0,    8) (   0,    0) (   0,    0) (   0,    0) (   2,    0) (   0,    0) (   0,    0) (   0,    0) (   0,    0)
          (   2,    0) (   0,    3) (   0,    0) (   0,    0) (   0,    0) (   2,    0) (   0,    1) (   0,    0) (   0,    0) (   0,    0)
          (   2,    0) (   0,    3) (   0,    0) (   0,    0) (   0,    0) (   2,    0) (   0,    1) (   0,    0) (   0,    0) (   0,    0)
          (   2,    0) (   0,    5) (   0,    0) (   0,    0) (   0,    0) (   2,    0) (   0,    4) (   0,    0) (   0,    0) (   0,    0)
          (   2,    0) (   0,    2) (   0,    0) (   0,    0) (   0,    0) (   2,    0) (   0,    0) (   0,    0) (   0,    0) (   0,    0)
          (   2,    0) (   0,    1) (   0,    0) (   0,    0) (   0,    0) (   2,    0) (   0,    5) (   0,    0) (   0,    0) (   0,    0)
          (   2,    0) (   0,    2) (   0,    0) (   0,    0) (   0,    0) (   2,    0) (   0,    1) (   0,    0) (   0,    0) (   0,    0)
          (   2,    0) (   0,    2) (   0,    0) (   0,    0) (   0,    0) (   2,    0) (   0,    2) (   0,    0) (   0,    0) (   0,    0)
          (   2,    0) (   0,    3) (   0,    0) (   0,    0) (   0,    0) (   2,    0) (   0,    2) (   0,    0) (   0,    0) (   0,    0)
          (   2,    0) (   0,    4) (   0,    0) (   0,    0) (   0,    0) (   2,    0) (   0,    1) (   0,    0) (   0,    0) (   0,    0)
          (   2,    0) (   0,    1) (   0,    0) (   0,    0) (   0,    0) (   2,    0) (   0,    1) (   0,    0) (   0,    0) (   0,    0)
          (   2,    0) (   0,    2) (   0,    0) (   0,    0) (   0,    0) (   2,    0) (   0,    5) (   0,    0) (   0,    0) (   0,    0)
          (   2,    0) (   0,    0) (   0,    0) (   0,    0) (   0,    0) (   2,    0) (   0,    2) (   0,    0) (   0,    0) (   0,    0)
          (   2,    0) (   0,    0) (   0,    0) (   0,    0) (   0,    0) (   2,    0) (   0,    1) (   0,    0) (   0,    0) (   0,    0)
          (   2,    0) (   0,    2) (   0,    0) (   0,    0) (   0,    0) (   2,    0) (   0,    3) (   0,    0) (   0,    0) (   0,    0)
          (   2,    0) (   0,    2) (   0,    0) (   0,    0) (   0,    0) (   2,    0) (   0,    2) (   0,    0) (   0,    0) (   0,    0)
          (   2,    0) (   0,    3) (   0,    0) (   0,    0) (   0,    0) (   2,    0) (   0,    1) (   0,    0) (   0,    0) (   0,    0)
          (   2,    0) (   0,    1) (   0,    0) (   0,    0) (   0,    0) (   2,    0) (   0,    4) (   0,    0) (   0,    0) (   0,    0)
          (   2,    0) (   0,    1) (   0,    0) (   0,    0) (   0,    0) (   2,    0) (   0,    1) (   0,    0) (   0,    0) (   0,    0)
          (   2,    0) (   0,    0) (   0,    0) (   0,    0) (   0,    0) (   2,    0) (   0,    2) (   0,    0) (   0,    0) (   0,    0)
          (   2,    0) (   0,    2) (   0,    0) (   0,    0) (   0,    0) (   2,    0) (   0,    3) (   0,    0) (   0,    0) (   0,    0)
          (   2,    0) (   0,    3) (   0,    0) (   0,    0) (   0,    0) (   2,    0) (   0,    2) (   0,    0) (   0,    0) (   0,    0)
          (   2,    0) (   0,    1) (   0,    0) (   0,    0) (   0,    0) (   2,    0) (   0,    6) (   0,    0) (   0,    0) (   0,    0)
          (   2,    0) (   0,    2) (   0,    0) (   0,    0) (   0,    0) (   2,    0) (   0,    2) (   0,    0) (   0,    0) (   0,    0)
          (   2,    0) (   0,    1) (   0,    0) (   0,    0) (   0,    0) (   2,    0) (   0,    0) (   0,    0) (   0,    0) (   0,    0)
          (   2,    0) (   0,    1) (   0,    0) (   0,    0) (   0,    0) (   2,    0) (   0,    4) (   0,    0) (   0,    0) (   0,    0)
          (   2,    0) (   0,    1) (   0,    0) (   0,    0) (   0,    0) (   2,    0) (   0,    2) (   0,    0) (   0,    0) (   0,    0)
          (   2,    0) (   0,    3) (   0,    0) (   0,    0) (   0,    0) (   2,    0) (   0,    0) (   0,    0) (   0,    0) (   0,    0)
          (   2,    0) (   0,    0) (   0,    0) (   0,    0) (   0,    0) (   2,    0) (   0,    2) (   0,    0) (   0,    0) (   0,    0)
          (   2,    0) (   0,    2) (   0,    0) (   0,    0) (   0,    0) (   2,    0) (   0,    2) (   0,    0) (   0,    0) (   0,    0)
          (   2,    0) (   0,    1) (   0,    0) (   0,    0) (   0,    0) (   2,    0) (   0,    0) (   0,    0) (   0,    0) (   0,    0)
          (   2,    0) (   0,    1) (   0,    0) (   0,    0) (   0,    0) (   2,    0) (   0,    1) (   0,    0) (   0,    0) (   0,    0)
          (   2,    0) (   0,    2) (   0,    0) (   0,    0) (   0,    0) (   2,    0) (   0,    4) (   0,    0) (   0,    0) (   0,    0)
          (   2,    0) (   0,    3) (   0,    0) (   0,    0) (   0,    0) (   2,    0) (   0,    1) (   0,    0) (   0,    0) (   0,    0)
          (   2,    0) (   0,    3) (   0,    0) (   0,    0) (   0,    0) (   2,    0) (   0,    0) (   0,    0) (   0,    0) (   0,    0)
          (   2,    0) (   0,    3) (   0,    0) (   0,    0) (   0,    0) (   2,    0) (   0,    3) (   0,    0) (   0,    0) (   0,    0)
          (   2,    0) (   0,    3) (   0,    0) (   0,    0) (   0,    0) (   2,    0) (   0,    3) (   0,    0) (   0,    0) (   0,    0)
          (   2,    0) (   0,    1) (   0,    0) (   0,    0) (   0,    0) (   2,    0) (   0,    3) (   0,    0) (   0,    0) (   0,    0)
          (   2,    0) (   0,    4) (   0,    0) (   0,    0) (   0,    0) (   2,    0) (   0,    3) (   0,    0) (   0,    0) (   0,    0)
          (   2,    0) (   0,    2) (   0,    0) (   0,    0) (   0,    0) (   2,    0) (   0,    3) (   0,    0) (   0,    0) (   0,    0)
          (   2,    0) (   0,    3) (   0,    0) (   0,    0) (   0,    0) (   2,    0) (   0,    3) (   0,    0) (   0,    0) (   0,    0)
          (   2,    0) (   0,    2) (   0,    0) (   0,    0) (   0,    0) (   2,    0) (   0,    4) (   0,    0) (   0,    0) (   0,    0)
          (   2,    0) (   0,    2) (   0,    0) (   0,    0) (   0,    0) (   2,    0) (   0,    2) (   0,    0) (   0,    0) (   0,    0)
          (   2,    0) (   0,    2) (   0,    0) (   0,    0) (   0,    0) (   2,    0) (   0,    1) (   0,    0) (   0,    0) (   0,    0)
          (   2,    0) (   0,    1) (   0,    0) (   0,    0) (   0,    0) (   2,    0) (   0,    2) (   0,    0) (   0,    0) (   0,    0)
          (   2,    0) (   0,    2) (   0,    0) (   0,    0) (   0,    0) (   2,    0) (   0,    1) (   0,    0) (   0,    0) (   0,    0)
          (   2,    0) (   0,    1) (   0,    0) (   0,    0) (   0,    0) (   2,    0) (   0,    0) (   0,    0) (   0,    0) (   0,    0)
          (   2,    0) (   0,    0) (   0,    0) (   0,    0) (   0,    0) (   2,    0) (   0,    3) (   0,    0) (   0,    0) (   0,    0)
          (   2,    0) (   0,    2) (   0,    0) (   0,    0) (   0,    0) (   2,    0) (   0,    3) (   0,    0) (   0,    0) (   0,    0)
          (   2,    0) (   0,    1) (   0,    0) (   0,    0) (   0,    0) (   2,    0) (   0,    2) (   0,    0) (   0,    0) (   0,    0)
          (   2,    0) (   0,    0) (   0,    0) (   0,    0) (   0,    0) (   2,    0) (   0,    2) (   0,    0) (   0,    0) (   0,    0)
          (   2,    0) (   0,    1) (   0,    0) (   0,    0) (   0,    0) (   2,    0) (   0,    1) (   0,    0) (   0,    0) (   0,    0)
          (   2,    0) (   0,    2) (   0,    0) (   0,    0) (   0,    0) (   2,    0) (   0,    1) (   0,    0) (   0,    0) (   0,    0)
          (   2,    0) (   0,    2) (   0,    0) (   0,    0) (   0,    0) (   2,    0) (   0,    4) (   0,    0) (   0,    0) (   0,    0)
          (   2,    0) (   0,    3) (   0,    0) (   0,    0) (   0,    0) (   2,    0) (   0,    2) (   0,    0) (   0,    0) (   0,    0)
          (   2,    0) (   0,    1) (   0,    0) (   0,    0) (   0,    0) (   2,    0) (   0,    1) (   0,    0) (   0,    0) (   0,    0)
          (   2,    0) (   0,    3) (   0,    0) (   0,    0) (   0,    0) (   2,    0) (   0,    2) (   0,    0) (   0,    0) (   0,    0)
          (   2,    0) (   0,    3) (   0,    0) (   0,    0) (   0,    0) (   2,    0) (   0,    0) (   0,    0) (   0,    0) (   0,    0)
          (   2,    0) (   0,    3) (   0,    0) (   0,    0) (   0,    0) (   2,    0) (   0,    3) (   0,    0) (   0,    0) (   0,    0)
          (   2,    0) (   0,    0) (   0,    0) (   0,    0) (   0,    0) (   2,    0) (   0,    3) (   0,    0) (   0,    0) (   0,    0)
          (   2,    0) (   0,    3) (   0,    0) (   0,    0) (   0,    0) (   2,    0) (   0,    2) (   0,    0) (   0,    0) (   0,    0)
          (   2,    0) (   0,    2) (   0,    0) (   0,    0) (   0,    0) (   2,    0) (   0,    1) (   0,    0) (   0,    0) (   0,    0)
          (   2,    0) (   0,    1) (   0,    0) (   0,    0) (   0,    0) (   2,    0) (   0,    1) (   0,    0) (   0,    0) (   0,    0)
          (   2,    0) (   0,    1) (   0,    0) (   0,    0) (   0,    0) (   2,    0) (   0,    1) (   0,    0) (   0,    0) (   0,    0)
          (   2,    0) (   0,    2) (   0,    0) (   0,    0) (   0,    0) (   2,    0) (   0,    1) (   0,    0) (   0,    0) (   0,    0)
          (   2,    0) (   0,    1) (   0,    0) (   0,    0) (   0,    0) (   2,    0) (   0,    1) (   0,    0) (   0,    0) (   0,    0)
          (   2,    0) (   0,    2) (   0,    0) (   0,    0) (   0,    0) (   2,    0) (   0,    3) (   0,    0) (   0,    0) (   0,    0)
          (   2,    0) (   0,    2) (   0,    0) (   0,    0) (   0,    0) (   2,    0) (   0,    2) (   0,    0) (   0,    0) (   0,    0)
         
node   1 sent_total    287  recv_total    315

node   2  (   1,    0) (   0,    0) (   0,    1) (   0,    0) (   0,    0) (   2,    0) (   0,    1) (   0,    0) (   0,    0) (   0,    0)
          (   2,    0) (   0,    1) (   0,    0) (   0,    0) (   0,    0) (   2,    0) (   0,    6) (   0,    0) (   0,    0) (   0,    0)
          (   2,    0) (   0,    1) (   0,    0) (   0,    0) (   0,    0) (   2,    0) (   0,    2) (   0,    0) (   0,    0) (   0,    0)
          (   2,    0) (   0,    2) (   0,    0) (   0,    0) (   0,    0) (   2,    0) (   0,    1) (   0,    0) (   0,    0) (   0,    0)
          (   2,    0) (   0,    2) (   0,    0) (   0,    0) (   0,    0) (   2,    0) (   0,    3) (   0,    0) (   0,    0) (   0,    0)
          (   2,    0) (   0,    1) (   0,    0) (   0,    0) (   0,    0) (   2,    0) (   0,    3) (   0,    0) (   0,    0) (   0,    0)
          (   2,    0) (   0,    5) (   0,    0) (   0,    0) (   0,    0) (   2,    0) (   0,    3) (   0,    0) (   0,    0) (   0,    0)
          (   2,    0) (   0,    3) (   0,    0) (   0,    0) (   0,    0) (   2,    0) (   0,    2) (   0,    0) (   0,    0) (   0,    0)
          (   2,    0) (   0,    1) (   0,    0) (   0,    0) (   0,    0) (   2,    0) (   0,    2) (   0,    0) (   0,    0) (   0,    0)
          (   2,    0) (   0,    2) (   0,    0) (   0,    0) (   0,    0) (   2,    0) (   0,    1) (   0,    0) (   0,    0) (   0,    0)
          (   2,    0) (   0,    3) (   0,    0) (   0,    0) (   0,    0) (   2,    0) (   0,    1) (   0,    0) (   0,    0) (   0,    0)
          (   2,    0) (   0,    2) (   0,    0) (   0,    0) (   0,    0) (   2,    0) (   0,    2) (   0,    0) (   0,    0) (   0,    0)
          (   2,    0) (   0,    4) (   0,    0) (   0,    0) (   0,    0) (   2,    0) (   0,    3) (   0,    0) (   0,    0) (   0,    0)
          (   2,    0) (   0,    2) (   0,    0) (   0,    0) (   0,    0) (   2,    0) (   0,    0) (   0,    0) (   0,    0) (   0,    0)
          (   2,    0) (   0,    1) (   0,    0) (   0,    0) (   0,    0) (   2,    0) (   0,    1) (   0,    0) (   0,    0) (   0,    0)
          (   2,    0) (   0,    3) (   0,    0) (   0,    0) (   0,    0) (   2,    0) (   0,    3) (   0,    0) (   0,    0) (   0,    0)
          (   2,    0) (   0,    3) (   0,    0) (   0,    0) (   0,    0) (   2,    0) (   0,    3) (   0,    0) (   0,    0) (   0,    0)
          (   2,    0) (   0,    3) (   0,    0) (   0,    0) (   0,    0) (   2,    0) (   0,    5) (   0,    0) (   0,    0) (   0,    0)
          (   2,    0) (   0,    0) (   0,    0) (   0,    0) (   0,    0) (   2,    0) (   0,    4) (   0,    0) (   0,    0) (   0,    0)
          (   2,    0) (   0,    1) (   0,    0) (   0,    0) (   0,    0) (   2,    0) (   0,    1) (   0,    0) (   0,    0) (   0,    0)
          (   2,    0) (   0,    2) (   0,    0) (   0,    0) (   0,    0) (   2,    0) (   0,    3) (   0,    0) (   0,    0) (   0,    0)
          (   2,    0) (   0,    3) (   0,    0) (   0,    0) (   0,    0) (   2,    0) (   0,    2) (   0,    0) (   0,    0) (   0,    0)
          (   2,    0) (   0,    2) (   0,    0) (   0,    0) (   0,    0) (   2,    0) (   0,    0) (   0,    0) (   0,    0) (   0,    0)
          (   2,    0) (   0,    2) (   0,    0) (   0,    0) (   0,    0) (   2,    0) (   0,    1) (   0,    0) (   0,    0) (   0,    0)
          (   2,    0) (   0,    0) (   0,    0) (   0,    0) (   0,    0) (   2,    0) (   0,    3) (   0,    0) (   0,    0) (   0,    0)
          (   2,    0) (   0,    4) (   0,    0) (   0,    0) (   0,    0) (   2,    0) (   0,    1) (   0,    0) (   0,    0) (   0,    0)
          (   2,    0) (   0,    3) (   0,    0) (   0,    0) (   0,    0) (   2,    0) (   0,    4) (   0,    0) (   0,    0) (   0,    0)
          (   2,    0) (   0,    4) (   0,    0) (   0,    0) (   0,    0) (   2,    0) (   0,    1) (   0,    0) (   0,    0) (   0,    0)
          (   2,    0) (   0,    4) (   0,    0) (   0,    0) (   0,    0) (   2,    0) (   0,    1) (   0,    0) (   0,    0) (   0,    0)
          (   2,    0) (   0,    2) (   0,    0) (   0,    0) (   0,    0) (   2,    0) (   0,    2) (   0,    0) (   0,    0) (   0,    0)
          (   2,    0) (   0,    2) (   0,    0) (   0,    0) (   0,    0) (   2,    0) (   0,    3) (   0,    0) (   0,    0) (   0,    0)
          (   2,    0) (   0,    1) (   0,    0) (   0,    0) (   0,    0) (   2,    0) (   0,    1) (   0,    0) (   0,    0) (   0,    0)
          (   2,    0) (   0,    1) (   0,    0) (   0,    0) (   0,    0) (   2,    0) (   0,    1) (   0,    0) (   0,    0) (   0,    0)
          (   2,    0) (   0,    2) (   0,    0) (   0,    0) (   0,    0) (   2,    0) (   0,    5) (   0,    0) (   0,    0) (   0,    0)
          (   2,    0) (   0,    3) (   0,    0) (   0,    0) (   0,    0) (   2,    0) (   0,    3) (   0,    0) (   0,    0) (   0,    0)
          (   2,    0) (   0,    0) (   0,    0) (   0,    0) (   0,    0) (   2,    0) (   0,    4) (   0,    0) (   0,    0) (   0,    0)
          (   2,    0) (   0,    4) (   0,    0) (   0,    0) (   0,    0) (   2,    0) (   0,    0) (   0,    0) (   0,    0) (   0,    0)
          (   2,    0) (   0,    5) (   0,    0) (   0,    0) (   0,    0) (   2,    0) (   0,    1) (   0,    0) (   0,    0) (   0,    0)
          (   2,    0) (   0,    4) (   0,    0) (   0,    0) (   0,    0) (   2,    0) (   0,    2) (   0,    0) (   0,    0) (   0,    0)
          (   2,    0) (   0,    1) (   0,    0) (   0,    0) (   0,    0) (   2,    0) (   0,    3) (   0,    0) (   0,    0) (   0,    0)
          (   2,    0) (   0,    1) (   0,    0) (   0,    0) (   0,    0) (   2,    0) (   0,    2) (   0,    0) (   0,    0) (   0,    0)
          (   2,    0) (   0,    2) (   0,    0) (   0,    0) (   0,    0) (   2,    0) (   0,    1) (   0,    0) (   0,    0) (   0,    0)
          (   2,    0) (   0,    2) (   0,    0) (   0,    0) (   0,    0) (   2,    0) (   0,    0) (   0,    0) (   0,    0) (   0,    0)
          (   2,    0) (   0,    1) (   0,    0) (   0,    0) (   0,    0) (   2,    0) (   0,    3) (   0,    0) (   0,    0) (   0,    0)
          (   2,    0) (   0,    0) (   0,    0) (   0,    0) (   0,    0) (   2,    0) (   0,    1) (   0,    0) (   0,    0) (   0,    0)
          (   2,    0) (   0,    2) (   0,    0) (   0,    0) (   0,    0) (   2,    0) (   0,    1) (   0,    0) (   0,    0) (   0,    0)
          (   2,    0) (   0,    1) (   0,    0) (   0,    0) (   0,    0) (   2,    0) (   0,    1) (   0,    0) (   0,    0) (   0,    0)
          (   2,    0) (   0,    0) (   0,    0) (   0,    0) (   0,    0) (   2,    0) (   0,    3) (   0,    0) (   0,    0) (   0,    0)
          (   2,    0) (   0,    1) (   0,    0) (   0,    0) (   0,    0) (   2,    0) (   0,    0) (   0,    0) (   0,    0) (   0,    0)
          (   2,    0) (   0,    2) (   0,    0) (   0,    0) (   0,    0) (   2,    0) (   0,    3) (   0,    0) (   0,    0) (   0,    0)
          (   2,    0) (   0,    1) (   0,    0) (   0,    0) (   0,    0) (   2,    0) (   0,    3) (   0,    0) (   0,    0) (   0,    0)
          (   2,    0) (   0,    4) (   0,    0) (   0,    0) (   0,    0) (   2,    0) (   0,    1) (   0,    0) (   0,    0) (   0,    0)
          (   2,    0) (   0,    1) (   0,    0) (   0,    0) (   0,    0) (   2,    0) (   0,    4) (   0,    0) (   0,    0) (   0,    0)
          (   2,    0) (   0,    1) (   0,    0) (   0,    0) (   0,    0) (   2,    0) (   0,    2) (   0,    0) (   0,    0) (   0,    0)
          (   2,    0) (   0,    1) (   0,    0) (   0,    0) (   0,    0) (   2,    0) (   0,    3) (   0,    0) (   0,    0) (   0,    0)
          (   2,    0) (   0,    2) (   0,    0) (   0,    0) (   0,    0) (   2,    0) (   0,    2) (   0,    0) (   0,    0) (   0,    0)
          (   2,    0) (   0,    0) (   0,    0) (   0,    0) (   0,    0) (   2,    0) (   0,    2) (   0,    0) (   0,    0) (   0,    0)
          (   2,    0) (   0,    1) (   0,    0) (   0,    0) (   0,    0) (   2,    0) (   0,    1) (   0,    0) (   0,    0) (   0,    0)
          (   2,    0) (   0,    0) (   0,    0) (   0,    0) (   0,    0) (   2,    0) (   0,    2) (   0,    0) (   0,    0) (   0,    0)
          (   2,    0) (   0,    2) (   0,    0) (   0,    0) (   0,    0) (   2,    0) (   0,    3) (   0,    0) (   0,    0) (   0,    0)
          (   2,    0) (   0,    2) (   0,    0) (   0,    0) (   0,    0) (   2,    0) (   0,    1) (   0,    0) (   0,    0) (   0,    0)
          (   2,    0) (   0,    4) (   0,    0) (   0,    0) (   0,    0) (   2,    0) (   0,    4) (   0,    0) (   0,    0) (   0,    0)
          (   2,    0) (   0,    1) (   0,    0) (   0,    0) (   0,    0) (   2,    0) (   0,    1) (   0,    0) (   0,    0) (   0,    0)
          (   2,    0) (   0,    2) (   0,    0) (   0,    0) (   0,    0) (   2,    0) (   0,    4) (   0,    0) (   0,    0) (   0,    0)
          (   2,    0) (   0,    1) (   0,    0) (   0,    0) (   0,    0) (   2,    0) (   0,    1) (   0,    0) (   0,    0) (   0,    0)
          (   2,    0) (   0,    2) (   0,    0) (   0,    0) (   0,    0) (   2,    0) (   0,    2) (   0,    0) (   0,    0) (   0,    0)
          (   2,    0) (   0,    4) (   0,    0) (   0,    0) (   0,    0) (   2,    0) (   0,    1) (   0,    0) (   0,    0) (   0,    0)
          (   2,    0) (   0,    0) (   0,    0) (   0,    0) (   0,    0) (   2,    0) (   0,    1) (   0,    0) (   0,    0) (   0,    0)
          (   2,    0) (   0,    3) (   0,    0) (   0,    0) (   0,    0) (   2,    0) (   0,    5) (   0,    0) (   0,    0) (   0,    0)
          (   2,    0) (   0,    3) (   0,    0) (   0,    0) (   0,    0) (   2,    0) (   0,    2) (   0,    0) (   0,    0) (   0,    0)
         
node   2 sent_total    279  recv_total    285

node   3  (   1,    0) (   0,    0) (   0,    1) (   0,    0) (   0,    0) (   2,    0) (   0,    0) (   0,    0) (   0,    0) (   0,    0)
          (   2,    0) (   0,    1) (   0,    0) (   0,    0) (   0,    0) (   2,    0) (   0,    0) (   0,    0) (   0,    0) (   0,    0)
          (   2,    0) (   0,    1) (   0,    0) (   0,    0) (   0,    0) (   2,    0) (   0,    1) (   0,    0) (   0,    0) (   0,    0)
          (   2,    0) (   0,    4) (   0,    0) (   0,    0) (   0,    0) (   2,    0) (   0,    3) (   0,    0) (   0,    0) (   0,    0)
          (   2,    0) (   0,    1) (   0,    0) (   0,    0) (   0,    0) (   2,    0) (   0,    2) (   0,    0) (   0,    0) (   0,    0)
          (   2,    0) (   0,    1) (   0,    0) (   0,    0) (   0,    0) (   2,    0) (   0,    1) (   0,    0) (   0,    0) (   0,    0)
          (   2,    0) (   0,    1) (   0,    0) (   0,    0) (   0,    0) (   2,    0) (   0,    1) (   0,    0) (   0,    0) (   0,    0)
          (   2,    0) (   0,    0) (   0,    0) (   0,    0) (   0,    0) (   2,    0) (   0,    1) (   0,    0) (   0,    0) (   0,    0)
          (   2,    0) (   0,    2) (   0,    0) (   0,    0) (   0,    0) (   2,    0) (   0,    2) (   0,    0) (   0,    0) (   0,    0)
          (   2,    0) (   0,    4) (   0,    0) (   0,    0) (   0,    0) (   2,    0) (   0,    3) (   0,    0) (   0,    0) (   0,    0)
          (   2,    0) (   0,    0) (   0,    0) (   0,    0) (   0,    0) (   2,    0) (   0,    2) (   0,    0) (   0,    0) (   0,    0)
          (   2,    0) (   0,    3) (   0,    0) (   0,    0) (   0,    0) (   2,    0) (   0,    1) (   0,    0) (   0,    0) (   0,    0)
          (   2,    0) (   0,    2) (   0,    0) (   0,    0) (   0,    0) (   2,    0) (   0,    2) (   0,    0) (   0,    0) (   0,    0)
          (   2,    0) (   0,    1) (   0,    0) (   0,    0) (   0,    0) (   2,    0) (   0,    1) (   0,    0) (   0,    0) (   0,    0)
          (   2,    0) (   0,    3) (   0,    0) (   0,    0) (   0,    0) (   2,    0) (   0,    1) (   0,    0) (   0,    0) (   0,    0)
          (   2,    0) (   0,    3) (   0,    0) (   0,    0) (   0,    0) (   2,    0) (   0,    3) (   0,    0) (   0,    0) (   0,    0)
          (   2,    0) (   0,    1) (   0,    0) (   0,    0) (   0,    0) (   2,    0) (   0,    0) (   0,    0) (   0,    0) (   0,    0)
          (   2,    0) (   0,    0) (   0,    0) (   0,    0) (   0,    0) (   2,    0) (   0,    2) (   0,    0) (   0,    0) (   0,    0)
          (   2,    0) (   0,    3) (   0,    0) (   0,    0) (   0,    0) (   2,    0) (   0,    5) (   0,    0) (   0,    0) (   0,    0)
          (   2,    0) (   0,    1) (   0,    0) (   0,    0) (   0,    0) (   2,    0) (   0,    2) (   0,    0) (   0,    0) (   0,    0)
          (   2,    0) (   0,    3) (   0,    0) (   0,    0) (   0,    0) (   2,    0) (   0,    2) (   0,    0) (   0,    0) (   0,    0)
          (   2,    0) (   0,    2) (   0,    0) (   0,    0) (   0,    0) (   2,    0) (   0,    1) (   0,    0) (   0,    0) (   0,    0)
          (   2,    0) (   0,    3) (   0,    0) (   0,    0) (   0,    0) (   2,    0) (   0,    4) (   0,    0) (   0,    0) (   0,    0)
          (   2,    0) (   0,    3) (   0,    0) (   0,    0) (   0,    0) (   2,    0) (   0,    0) (   0,    0) (   0,    0) (   0,    0)
          (   2,    0) (   0,    3) (   0,    0) (   0,    0) (   0,    0) (   2,    0) (   0,    1) (   0,    0) (   0,    0) (   0,    0)
          (   2,    0) (   0,    3) (   0,    0) (   0,    0) (   0,    0) (   2,    0) (   0,    3) (   0,    0) (   0,    0) (   0,    0)
          (   2,    0) (   0,    0) (   0,    0) (   0,    0) (   0,    0) (   2,    0) (   0,    1) (   0,    0) (   0,    0) (   0,    0)
          (   2,    0) (   0,    3) (   0,    0) (   0,    0) (   0,    0) (   2,    0) (   0,    1) (   0,    0) (   0,    0) (   0,    0)
          (   2,    0) (   0,    2) (   0,    0) (   0,    0) (   0,    0) (   2,    0) (   0,    2) (   0,    0) (   0,    0) (   0,    0)
          (   2,    0) (   0,    1) (   0,    0) (   0,    0) (   0,    0) (   2,    0) (   0,    1) (   0,    0) (   0,    0) (   0,    0)
          (   2,    0) (   0,    6) (   0,    0) (   0,    0) (   0,    0) (   2,    0) (   0,    1) (   0,    0) (   0,    0) (   0,    0)
          (   2,    0) (   0,    2) (   0,    0) (   0,    0) (   0,    0) (   2,    0) (   0,    2) (   0,    0) (   0,    0) (   0,    0)
          (   2,    0) (   0,    2) (   0,    0) (   0,    0) (   0,    0) (   2,    0) (   0,    5) (   0,    0) (   0,    0) (   0,    0)
          (   2,    0) (   0,    3) (   0,    0) (   0,    0) (   0,    0) (   2,    0) (   0,    1) (   0,    0) (   0,    0) (   0,    0)
          (   2,    0) (   0,    3) (   0,    0) (   0,    0) (   0,    0) (   2,    0) (   0,    3) (   0,    0) (   0,    0) (   0,    0)
          (   2,    0) (   0,    1) (   0,    0) (   0,    0) (   0,    0) (   2,    0) (   0,    2) (   0,    0) (   0,    0) (   0,    0)
          (   2,    0) (   0,    1) (   0,    0) (   0,    0) (   0,    0) (   2,    0) (   0,    2) (   0,    0) (   0,    0) (   0,    0)
          (   2,    0) (   0,    0) (   0,    0) (   0,    0) (   0,    0) (   2,    0) (   0,    1) (   0,    0) (   0,    0) (   0,    0)
          (   2,    0) (   0,    3) (   0,    0) (   0,    0) (   0,    0) (   2,    0) (   0,    2) (   0,    0) (   0,    0) (   0,    0)
          (   2,    0) (   0,    0) (   0,    0) (   0,    0) (   0,    0) (   2,    0) (   0,    0) (   0,    0) (   0,    0) (   0,    0)
          (   2,    0) (   0,    4) (   0,    0) (   0,    0) (   0,    0) (   2,    0) (   0,    4) (   0,    0) (   0,    0) (   0,    0)
          (   2,    0) (   0,    0) (   0,    0) (   0,    0) (   0,    0) (   2,    0) (   0,    3) (   0,    0) (   0,    0) (   0,    0)
          (   2,    0) (   0,    3) (   0,    0) (   0,    0) (   0,    0) (   2,    0) (   0,    1) (   0,    0) (   0,    0) (   0,    0)
          (   2,    0) (   0,    3) (   0,    0) (   0,    0) (   0,    0) (   2,    0) (   0,    0) (   0,    0) (   0,    0) (   0,    0)
          (   2,    0) (   0,    4) (   0,    0) (   0,    0) (   0,    0) (   2,    0) (   0,    2) (   0,    0) (   0,    0) (   0,    0)
          (   2,    0) (   0,    2) (   0,    0) (   0,    0) (   0,    0) (   2,    0) (   0,    0) (   0,    0) (   0,    0) (   0,    0)
          (   2,    0) (   0,    0) (   0,    0) (   0,    0) (   0,    0) (   2,    0) (   0,    1) (   0,    0) (   0,    0) (   0,    0)
          (   2,    0) (   0,    2) (   0,    0) (   0,    0) (   0,    0) (   2,    0) (   0,    4) (   0,    0) (   0,    0) (   0,    0)
          (   2,    0) (   0,    1) (   0,    0) (   0,    0) (   0,    0) (   2,    0) (   0,    2) (   0,    0) (   0,    0) (   0,    0)
          (   2,    0) (   0,    2) (   0,    0) (   0,    0) (   0,    0) (   2,    0) (   0,    2) (   0,    0) (   0,    0) (   0,    0)
          (   2,    0) (   0,    1) (   0,    0) (   0,    0) (   0,    0) (   2,    0) (   0,    1) (   0,    0) (   0,    0) (   0,    0)
          (   2,    0) (   0,    1) (   0,    0) (   0,    0) (   0,    0) (   2,    0) (   0,    3) (   0,    0) (   0,    0) (   0,    0)
          (   2,    0) (   0,    2) (   0,    0) (   0,    0) (   0,    0) (   2,    0) (   0,    3) (   0,    0) (   0,    0) (   0,    0)
          (   2,    0) (   0,    0) (   0,    0) (   0,    0) (   0,    0) (   2,    0) (   0,    5) (   0,    0) (   0,    0) (   0,    0)
          (   2,    0) (   0,    1) (   0,    0) (   0,    0) (   0,    0) (   2,    0) (   0,    1) (   0,    0) (   0,    0) (   0,    0)
          (   2,    0) (   0,    1) (   0,    0) (   0,    0) (   0,    0) (   2,    0) (   0,    1) (   0,    0) (   0,    0) (   0,    0)
          (   2,    0) (   0,    2) (   0,    0) (   0,    0) (   0,    0) (   2,    0) (   0,    1) (   0,    0) (   0,    0) (   0,    0)
          (   2,    0) (   0,    1) (   0,    0) (   0,    0) (   0,    0) (   2,    0) (   0,    2) (   0,    0) (   0,    0) (   0,    0)
          (   2,    0) (   0,    1) (   0,    0) (   0,    0) (   0,    0) (   2,    0) (   0,    0) (   0,    0) (   0,    0) (   0,    0)
          (   2,    0) (   0,    3) (   0,    0) (   0,    0) (   0,    0) (   2,    0) (   0,    4) (   0,    0) (   0,    0) (   0,    0)
          (   2,    0) (   0,    1) (   0,    0) (   0,    0) (   0,    0) (   2,    0) (   0,    1) (   0,    0) (   0,    0) (   0,    0)
          (   2,    0) (   0,    3) (   0,    0) (   0,    0) (   0,    0) (   2,    0) (   0,    1) (   0,    0) (   0,    0) (   0,    0)
          (   2,    0) (   0,    1) (   0,    0) (   0,    0) (   0,    0) (   2,    0) (   0,    1) (   0,    0) (   0,    0) (   0,    0)
          (   2,    0) (   0,    1) (   0,    0) (   0,    0) (   0,    0) (   2,    0) (   0,    2) (   0,    0) (   0,    0) (   0,    0)
          (   2,    0) (   0,    5) (   0,    0) (   0,    0) (   0,    0) (   2,    0) (   0,    1) (   0,    0) (   0,    0) (   0,    0)
          (   2,    0) (   0,    4) (   0,    0) (   0,    0) (   0,    0) (   2,    0) (   0,    4) (   0,    0) (   0,    0) (   0,    0)
          (   2,    0) (   0,    0) (   0,    0) (   0,    0) (   0,    0) (   2,    0) (   0,    1) (   0,    0) (   0,    0) (   0,    0)
          (   2,    0) (   0,    2) (   0,    0) (   0,    0) (   0,    0) (   2,    0) (   0,    5) (   0,    0) (   0,    0) (   0,    0)
          (   2,    0) (   0,    2) (   0,    0) (   0,    0) (   0,    0) (   2,    0) (   0,    2) (   0,    0) (   0,    0) (   0,    0)
          (   2,    0) (   0,    1) (   0,    0) (   0,    0) (   0,    0) (   2,    0) (   0,    0) (   0,    0) (   0,    0) (   0,    0)
         
node   3 sent_total    279  recv_total    257

node   4  (   1,    0) (   0,    0) (   0,    1) (   0,    0) (   0,    0) (   2,    0) (   0,    0) (   0,    0) (   0,    0) (   0,    0)
          (   2,    0) (   0,    1) (   0,    0) (   0,    0) (   0,    0) (   2,    0) (   0,    2) (   0,    0) (   0,    0) (   0,    0)
          (   2,    0) (   0,    2) (   0,    0) (   0,    0) (   0,    0) (   2,    0) (   0,    5) (   0,    0) (   0,    0) (   0,    0)
          (   2,    0) (   0,    2) (   0,    0) (   0,    0) (   0,    0) (   2,    0) (   0,    1) (   0,    0) (   0,    0) (   0,    0)
          (   2,    0) (   0,    0) (   0,    0) (   0,    0) (   0,    0) (   2,    0) (   0,    1) (   0,    0) (   0,    0) (   0,    0)
          (   2,    0) (   0,    3) (   0,    0) (   0,    0) (   0,    0) (   2,    0) (   0,    2) (   0,    0) (   0,    0) (   0,    0)
          (   2,    0) (   0,    1) (   0,    0) (   0,    0) (   0,    0) (   2,    0) (   0,    1) (   0,    0) (   0,    0) (   0,    0)
          (   2,    0) (   0,    6) (   0,    0) (   0,    0) (   0,    0) (   2,    0) (   0,    1) (   0,    0) (   0,    0) (   0,    0)
          (   2,    0) (   0,    3) (   0,    0) (   0,    0) (   0,    0) (   2,    0) (   0,    3) (   0,    0) (   0,    0) (   0,    0)
          (   2,    0) (   0,    2) (   0,    0) (   0,    0) (   0,    0) (   2,    0) (   0,    1) (   0,    0) (   0,    0) (   0,    0)
          (   2,    0) (   0,    2) (   0,    0) (   0,    0) (   0,    0) (   2,    0) (   0,    1) (   0,    0) (   0,    0) (   0,    0)
          (   2,    0) (   0,    1) (   0,    0) (   0,    0) (   0,    0) (   2,    0) (   0,    4) (   0,    0) (   0,    0) (   0,    0)
          (   2,    0) (   0,    1) (   0,    0) (   0,    0) (   0,    0) (   2,    0) (   0,    4) (   0,    0) (   0,    0) (   0,    0)
          (   2,    0) (   0,    1) (   0,    0) (   0,    0) (   0,    0) (   2,    0) (   0,    2) (   0,    0) (   0,    0) (   0,    0)
          (   2,    0) (   0,    1) (   0,    0) (   0,    0) (   0,    0) (   2,    0) (   0,    0) (   0,    0) (   0,    0) (   0,    0)
          (   2,    0) (   0,    2) (   0,    0) (   0,    0) (   0,    0) (   2,    0) (   0,    2) (   0,    0) (   0,    0) (   0,    0)
          (   2,    0) (   0,    1) (   0,    0) (   0,    0) (   0,    0) (   2,    0) (   0,    2) (   0,    0) (   0,    0) (   0,    0)
          (   2,    0) (   0,    0) (   0,    0) (   0,    0) (   0,    0) (   2,    0) (   0,    4) (   0,    0) (   0,    0) (   0,    0)
          (   2,    0) (   0,    0) (   0,    0) (   0,    0) (   0,    0) (   2,    0) (   0,    1) (   0,    0) (   0,    0) (   0,    0)
          (   2,    0) (   0,    3) (   0,    0) (   0,    0) (   0,    0) (   2,    0) (   0,    3) (   0,    0) (   0,    0) (   0,    0)
          (   2,    0) (   0,    2) (   0,    0) (   0,    0) (   0,    0) (   2,    0) (   0,    3) (   0,    0) (   0,    0) (   0,    0)
          (   2,    0) (   0,    3) (   0,    0) (   0,    0) (   0,    0) (   2,    0) (   0,    3) (   0,    0) (   0,    0) (   0,    0)
          (   2,    0) (   0,    4) (   0,    0) (   0,    0) (   0,    0) (   2,    0) (   0,    0) (   0,    0) (   0,    0) (   0,    0)
          (   2,    0) (   0,    2) (   0,    0) (   0,    0) (   0,    0) (   2,    0) (   0,    1) (   0,    0) (   0,    0) (   0,    0)
          (   2,    0) (   0,    1) (   0,    0) (   0,    0) (   0,    0) (   2,    0) (   0,    1) (   0,    0) (   0,    0) (   0,    0)
          (   2,    0) (   0,    1) (   0,    0) (   0,    0) (   0,    0) (   2,    0) (   0,    1) (   0,    0) (   0,    0) (   0,    0)
          (   2,    0) (   0,    1) (   0,    0) (   0,    0) (   0,    0) (   2,    0) (   0,    4) (   0,    0) (   0,    0) (   0,    0)
          (   2,    0) (   0,    2) (   0,    0) (   0,    0) (   0,    0) (   2,    0) (   0,    1) (   0,    0) (   0,    0) (   0,    0)
          (   2,    0) (   0,    1) (   0,    0) (   0,    0) (   0,    0) (   2,    0) (   0,    0) (   0,    0) (   0,    0) (   0,    0)
          (   2,    0) (   0,    4) (   0,    0) (   0,    0) (   0,    0) (   2,    0) (   0,    3) (   0,    0) (   0,    0) (   0,    0)
          (   2,    0) (   0,    3) (   0,    0) (   0,    0) (   0,    0) (   2,    0) (   0,    1) (   0,    0) (   0,    0) (   0,    0)
          (   2,    0) (   0,    2) (   0,    0) (   0,    0) (   0,    0) (   2,    0) (   0,    4) (   0,    0) (   0,    0) (   0,    0)
          (   2,    0) (   0,    3) (   0,    0) (   0,    0) (   0,    0) (   2,    0) (   0,    3) (   0,    0) (   0,    0) (   0,    0)
          (   2,    0) (   0,    2) (   0,    0) (   0,    0) (   0,    0) (   2,    0) (   0,    2) (   0,    0) (   0,    0) (   0,    0)
          (   2,    0) (   0,    0) (   0,    0) (   0,    0) (   0,    0) (   2,    0) (   0,    2) (   0,    0) (   0,    0) (   0,    0)
          (   2,    0) (   0,    3) (   0,    0) (   0,    0) (   0,    0) (   2,    0) (   0,    2) (   0,    0) (   0,    0) (   0,    0)
          (   2,    0) (   0,    2) (   0,    0) (   0,    0) (   0,    0) (   2,    0) (   0,    2) (   0,    0) (   0,    0) (   0,    0)
          (   2,    0) (   0,    3) (   0,    0) (   0,    0) (   0,    0) (   2,    0) (   0,    3) (   0,    0) (   0,    0) (   0,    0)
          (   2,    0) (   0,    2) (   0,    0) (   0,    0) (   0,    0) (   2,    0) (   0,    1) (   0,    0) (   0,    0) (   0,    0)
          (   2,    0) (   0,    0) (   0,    0) (   0,    0) (   0,    0) (   2,    0) (   0,    3) (   0,    0) (   0,    0) (   0,    0)
          (   2,    0) (   0,    0) (   0,    0) (   0,    0) (   0,    0) (   2,    0) (   0,    2) (   0,    0) (   0,    0) (   0,    0)
          (   2,    0) (   0,    2) (   0,    0) (   0,    0) (   0,    0) (   2,    0) (   0,    3) (   0,    0) (   0,    0) (   0,    0)
          (   2,    0) (   0,    1) (   0,    0) (   0,    0) (   0,    0) (   2,    0) (   0,    2) (   0,    0) (   0,    0) (   0,    0)
          (   2,    0) (   0,    2) (   0,    0) (   0,    0) (   0,    0) (   2,    0) (   0,    3) (   0,    0) (   0,    0) (   0,    0)
          (   2,    0) (   0,    1) (   0,    0) (   0,    0) (   0,    0) (   2,    0) (   0,    4) (   0,    0) (   0,    0) (   0,    0)
          (   2,    0) (   0,    2) (   0,    0) (   0,    0) (   0,    0) (   2,    0) (   0,    3) (   0,    0) (   0,    0) (   0,    0)
          (   2,    0) (   0,    2) (   0,    0) (   0,    0) (   0,    0) (   2,    0) (   0,    6) (   0,    0) (   0,    0) (   0,    0)
          (   2,    0) (   0,    1) (   0,    0) (   0,    0) (   0,    0) (   2,    0) (   0,    0) (   0,    0) (   0,    0) (   0,    0)
          (   2,    0) (   0,    1) (   0,    0) (   0,    0) (   0,    0) (   2,    0) (   0,    2) (   0,    0) (   0,    0) (   0,    0)
          (   2,    0) (   0,    2) (   0,    0) (   0,    0) (   0,    0) (   2,    0) (   0,    0) (   0,    0) (   0,    0) (   0,    0)
          (   2,    0) (   0,    3) (   0,    0) (   0,    0) (   0,    0) (   2,    0) (   0,    5) (   0,    0) (   0,    0) (   0,    0)
          (   2,    0) (   0,    1) (   0,    0) (   0,    0) (   0,    0) (   2,    0) (   0,    3) (   0,    0) (   0,    0) (   0,    0)
          (   2,    0) (   0,    3) (   0,    0) (   0,    0) (   0,    0) (   2,    0) (   0,    1) (   0,    0) (   0,    0) (   0,    0)
          (   2,    0) (   0,    1) (   0,    0) (   0,    0) (   0,    0) (   2,    0) (   0,    1) (   0,    0) (   0,    0) (   0,    0)
          (   2,    0) (   0,    2) (   0,    0) (   0,    0) (   0,    0) (   2,    0) (   0,    0) (   0,    0) (   0,    0) (   0,    0)
          (   2,    0) (   0,    1) (   0,    0) (   0,    0) (   0,    0) (   2,    0) (   0,    0) (   0,    0) (   0,    0) (   0,    0)
          (   2,    0) (   0,    3) (   0,    0) (   0,    0) (   0,    0) (   2,    0) (   0,    1) (   0,    0) (   0,    0) (   0,    0)
          (   2,    0) (   0,    2) (   0,    0) (   0,    0) (   0,    0) (   2,    0) (   0,    5) (   0,    0) (   0,    0) (   0,    0)
          (   2,    0) (   0,    3) (   0,    0) (   0,    0) (   0,    0) (   2,    0) (   0,    0) (   0,    0) (   0,    0) (   0,    0)
          (   2,    0) (   0,    1) (   0,    0) (   0,    0) (   0,    0) (   2,    0) (   0,    1) (   0,    0) (   0,    0) (   0,    0)
          (   2,    0) (   0,    0) (   0,    0) (   0,    0) (   0,    0) (   2,    0) (   0,    2) (   0,    0) (   0,    0) (   0,    0)
          (   2,    0) (   0,    3) (   0,    0) (   0,    0) (   0,    0) (   2,    0) (   0,    2) (   0,    0) (   0,    0) (   0,    0)
          (   2,    0) (   0,    2) (   0,    0) (   0,    0) (   0,    0) (   2,    0) (   0,    2) (   0,    0) (   0,    0) (   0,    0)
          (   2,    0) (   0,    3) (   0,    0) (   0,    0) (   0,    0) (   2,    0) (   0,    1) (   0,    0) (   0,    0) (   0,    0)
          (   2,    0) (   0,    1) (   0,    0) (   0,    0) (   0,    0) (   2,    0) (   0,    3) (   0,    0) (   0,    0) (   0,    0)
          (   2,    0) (   0,    4) (   0,    0) (   0,    0) (   0,    0) (   2,    0) (   0,    1) (   0,    0) (   0,    0) (   0,    0)
          (   2,    0) (   0,    2) (   0,    0) (   0,    0) (   0,    0) (   2,    0) (   0,    0) (   0,    0) (   0,    0) (   0,    0)
          (   2,    0) (   0,    1) (   0,    0) (   0,    0) (   0,    0) (   2,    0) (   0,    1) (   0,    0) (   0,    0) (   0,    0)
          (   2,    0) (   0,    2) (   0,    0) (   0,    0) (   0,    0) (   2,    0) (   0,    2) (   0,    0) (   0,    0) (   0,    0)
          (   2,    0) (   0,    3) (   0,    0) (   0,    0) (   0,    0) (   2,    0) (   0,    4) (   0,    0) (   0,    0) (   0,    0)
         
node   4 sent_total    279  recv_total    269

node   5  (   0,    0) (   1,    0) (   0,    0) (   0,    1) (   0,    0) (   2,    0) (   0,    1) (   0,    0) (   0,    0) (   0,    0)
          (   2,    0) (   0,    0) (   0,    0) (   0,    0) (   0,    0) (   2,    0) (   0,    1) (   0,    0) (   0,    0) (   0,    0)
          (   2,    0) (   0,    1) (   0,    0) (   0,    0) (   0,    0) (   2,    0) (   0,    2) (   0,    0) (   0,    0) (   0,    0)
          (   2,    0) (   0,    4) (   0,    0) (   0,    0) (   0,    0) (   2,    0) (   0,    1) (   0,    0) (   0,    0) (   0,    0)
          (   2,    0) (   0,    2) (   0,    0) (   0,    0) (   0,    0) (   2,    0) (   0,    3) (   0,    0) (   0,    0) (   0,    0)
          (   2,    0) (   0,    4) (   0,    0) (   0,    0) (   0,    0) (   2,    0) (   0,    0) (   0,    0) (   0,    0) (   0,    0)
          (   2,    0) (   0,    1) (   0,    0) (   0,    0) (   0,    0) (   2,    0) (   0,    4) (   0,    0) (   0,    0) (   0,    0)
          (   2,    0) (   0,    2) (   0,    0) (   0,    0) (   0,    0) (   2,    0) (   0,    0) (   0,    0) (   0,    0) (   0,    0)
          (   2,    0) (   0,    5) (   0,    0) (   0,    0) (   0,    0) (   2,    0) (   0,    3) (   0,    0) (   0,    0) (   0,    0)
          (   2,    0) (   0,    2) (   0,    0) (   0,    0) (   0,    0) (   2,    0) (   0,    2) (   0,    0) (   0,    0) (   0,    0)
          (   2,    0) (   0,    2) (   0,    0) (   0,    0) (   0,    0) (   2,    0) (   0,    1) (   0,    0) (   0,    0) (   0,    0)
          (   2,    0) (   0,    1) (   0,    0) (   0,    0) (   0,    0) (   2,    0) (   0,    2) (   0,    0) (   0,    0) (   0,    0)
          (   2,    0) (   0,    3) (   0,    0) (   0,    0) (   0,    0) (   2,    0) (   0,    2) (   0,    0) (   0,    0) (   0,    0)
          (   2,    0) (   0,    0) (   0,    0) (   0,    0) (   0,    0) (   2,    0) (   0,    2) (   0,    0) (   0,    0) (   0,    0)
          (   2,    0) (   0,    4) (   0,    0) (   0,    0) (   0,    0) (   2,    0) (   0,    1) (   0,    0) (   0,    0) (   0,    0)
          (   2,    0) (   0,    0) (   0,    0) (   0,    0) (   0,    0) (   2,    0) (   0,    0) (   0,    0) (   0,    0) (   0,    0)
          (   2,    0) (   0,    1) (   0,    0) (   0,    0) (   0,    0) (   2,    0) (   0,    0) (   0,    0) (   0,    0) (   0,    0)
          (   2,    0) (   0,    2) (   0,    0) (   0,    0) (   0,    0) (   2,    0) (   0,    0) (   0,    0) (   0,    0) (   0,    0)
          (   2,    0) (   0,    2) (   0,    0) (   0,    0) (   0,    0) (   2,    0) (   0,    2) (   0,    0) (   0,    0) (   0,    0)
          (   2,    0) (   0,    0) (   0,    0) (   0,    0) (   0,    0) (   2,    0) (   0,    2) (   0,    0) (   0,    0) (   0,    0)
          (   2,    0) (   0,    1) (   0,    0) (   0,    0) (   0,    0) (   2,    0) (   0,    4) (   0,    0) (   0,    0) (   0,    0)
          (   2,    0) (   0,    4) (   0,    0) (   0,    0) (   0,    0) (   2,    0) (   0,    2) (   0,    0) (   0,    0) (   0,    0)
          (   2,    0) (   0,    0) (   0,    0) (   0,    0) (   0,    0) (   2,    0) (   0,    3) (   0,    0) (   0,    0) (   0,    0)
          (   2,    0) (   0,    2) (   0,    0) (   0,    0) (   0,    0) (   2,    0) (   0,    5) (   0,    0) (   0,    0) (   0,    0)
          (   2,    0) (   0,    1) (   0,    0) (   0,    0) (   0,    0) (   2,    0) (   0,    0) (   0,    0) (   0,    0) (   0,    0)
          (   2,    0) (   0,    0) (   0,    0) (   0,    0) (   0,    0) (   2,    0) (   0,    2) (   0,    0) (   0,    0) (   0,    0)
          (   2,    0) (   0,    1) (   0,    0) (   0,    0) (   0,    0) (   2,    0) (   0,    1) (   0,    0) (   0,    0) (   0,    0)
          (   2,    0) (   0,    4) (   0,    0) (   0,    0) (   0,    0) (   2,    0) (   0,    2) (   0,    0) (   0,    0) (   0,    0)
          (   2,    0) (   0,    2) (   0,    0) (   0,    0) (   0,    0) (   2,    0) (   0,    3) (   0,    0) (   0,    0) (   0,    0)
          (   2,    0) (   0,    1) (   0,    0) (   0,    0) (   0,    0) (   2,    0) (   0,    2) (   0,    0) (   0,    0) (   0,    0)
          (   2,    0) (   0,    1) (   0,    0) (   0,    0) (   0,    0) (   2,    0) (   0,    2) (   0,    0) (   0,    0) (   0,    0)
          (   2,    0) (   0,    4) (   0,    0) (   0,    0) (   0,    0) (   2,    0) (   0,    0) (   0,    0) (   0,    0) (   0,    0)
          (   2,    0) (   0,    2) (   0,    0) (   0,    0) (   0,    0) (   2,    0) (   0,    2) (   0,    0) (   0,    0) (   0,    0)
          (   2,    0) (   0,    1) (   0,    0) (   0,    0) (   0,    0) (   2,    0) (   0,    0) (   0,    0) (   0,    0) (   0,    0)
          (   2,    0) (   0,    1) (   0,    0) (   0,    0) (   0,    0) (   2,    0) (   0,    1) (   0,    0) (   0,    0) (   0,    0)
          (   2,    0) (   0,    6) (   0,    0) (   0,    0) (   0,    0) (   2,    0) (   0,    0) (   0,    0) (   0,    0) (   0,    0)
          (   2,    0) (   0,    2) (   0,    0) (   0,    0) (   0,    0) (   2,    0) (   0,    1) (   0,    0) (   0,    0) (   0,    0)
          (   2,    0) (   0,    2) (   0,    0) (   0,    0) (   0,    0) (   2,    0) (   0,    3) (   0,    0) (   0,    0) (   0,    0)
          (   2,    0) (   0,    0) (   0,    0) (   0,    0) (   0,    0) (   2,    0) (   0,    2) (   0,    0) (   0,    0) (   0,    0)
          (   2,    0) (   0,    1) (   0,    0) (   0,    0) (   0,    0) (   2,    0) (   0,    2) (   0,    0) (   0,    0) (   0,    0)
          (   2,    0) (   0,    1) (   0,    0) (   0,    0) (   0,    0) (   2,    0) (   0,    0) (   0,    0) (   0,    0) (   0,    0)
          (   2,    0) (   0,    3) (   0,    0) (   0,    0) (   0,    0) (   2,    0) (   0,    0) (   0,    0) (   0,    0) (   0,    0)
          (   2,    0) (   0,    0) (   0,    0) (   0,    0) (   0,    0) (   2,    0) (   0,    2) (   0,    0) (   0,    0) (   0,    0)
          (   2,    0) (   0,    1) (   0,    0) (   0,    0) (   0,    0) (   2,    0) (   0,    2) (   0,    0) (   0,    0) (   0,    0)
          (   2,    0) (   0,    2) (   0,    0) (   0,    0) (   0,    0) (   2,    0) (   0,    1) (   0,    0) (   0,    0) (   0,    0)
          (   2,    0) (   0,    3) (   0,    0) (   0,    0) (   0,    0) (   2,    0) (   0,    1) (   0,    0) (   0,    0) (   0,    0)
          (   2,    0) (   0,    1) (   0,    0) (   0,    0) (   0,    0) (   2,    0) (   0,    3) (   0,    0) (   0,    0) (   0,    0)
          (   2,    0) (   0,    0) (   0,    0) (   0,    0) (   0,    0) (   2,    0) (   0,    0) (   0,    0) (   0,    0) (   0,    0)
          (   2,    0) (   0,    6) (   0,    0) (   0,    0) (   0,    0) (   2,    0) (   0,    1) (   0,    0) (   0,    0) (   0,    0)
          (   2,    0) (   0,    2) (   0,    0) (   0,    0) (   0,    0) (   2,    0) (   0,    0) (   0,    0) (   0,    0) (   0,    0)
          (   2,    0) (   0,    3) (   0,    0) (   0,    0) (   0,    0) (   2,    0) (   0,    1) (   0,    0) (   0,    0) (   0,    0)
          (   2,    0) (   0,    0) (   0,    0) (   0,    0) (   0,    0) (   2,    0) (   0,    5) (   0,    0) (   0,    0) (   0,    0)
          (   2,    0) (   0,    3) (   0,    0) (   0,    0) (   0,    0) (   2,    0) (   0,    3) (   0,    0) (   0,    0) (   0,    0)
          (   2,    0) (   0,    3) (   0,    0) (   0,    0) (   0,    0) (   2,    0) (   0,    2) (   0,    0) (   0,    0) (   0,    0)
          (   2,    0) (   0,    1) (   0,    0) (   0,    0) (   0,    0) (   2,    0) (   0,    0) (   0,    0) (   0,    0) (   0,    0)
          (   2,    0) (   0,    0) (   0,    0) (   0,    0) (   0,    0) (   2,    0) (   0,    2) (   0,    0) (   0,    0) (   0,    0)
          (   2,    0) (   0,    2) (   0,    0) (   0,    0) (   0,    0) (   2,    0) (   0,    1) (   0,    0) (   0,    0) (   0,    0)
          (   2,    0) (   0,    2) (   0,    0) (   0,    0) (   0,    0) (   2,    0) (   0,    4) (   0,    0) (   0,    0) (   0,    0)
          (   2,    0) (   0,    1) (   0,    0) (   0,    0) (   0,    0) (   2,    0) (   0,    3) (   0,    0) (   0,    0) (   0,    0)
          (   2,    0) (   0,    2) (   0,    0) (   0,    0) (   0,    0) (   2,    0) (   0,    1) (   0,    0) (   0,    0) (   0,    0)
          (   2,    0) (   0,    3) (   0,    0) (   0,    0) (   0,    0) (   2,    0) (   0,    3) (   0,    0) (   0,    0) (   0,    0)
          (   2,    0) (   0,    5) (   0,    0) (   0,    0) (   0,    0) (   2,    0) (   0,    1) (   0,    0) (   0,    0) (   0,    0)
          (   2,    0) (   0,    0) (   0,    0) (   0,    0) (   0,    0) (   2,    0) (   0,    1) (   0,    0) (   0,    0) (   0,    0)
          (   2,    0) (   0,    2) (   0,    0) (   0,    0) (   0,    0) (   2,    0) (   0,    1) (   0,    0) (   0,    0) (   0,    0)
          (   2,    0) (   0,    2) (   0,    0) (   0,    0) (   0,    0) (   2,    0) (   0,    2) (   0,    0) (   0,    0) (   0,    0)
          (   2,    0) (   0,    3) (   0,    0) (   0,    0) (   0,    0) (   2,    0) (   0,    2) (   0,    0) (   0,    0) (   0,    0)
          (   2,    0) (   0,    3) (   0,    0) (   0,    0) (   0,    0) (   2,    0) (   0,    4) (   0,    0) (   0,    0) (   0,    0)
          (   2,    0) (   0,    4) (   0,    0) (   0,    0) (   0,    0) (   2,    0) (   0,    1) (   0,    0) (   0,    0) (   0,    0)
          (   2,    0) (   0,    2) (   0,    0) (   0,    0) (   0,    0) (   2,    0) (   0,    2) (   0,    0) (   0,    0) (   0,    0)
          (   2,    0) (   0,    0) (   0,    0) (   0,    0) (   0,    0) (   2,    0) (   0,    3) (   0,    0) (   0,    0) (   0,    0)
         
node   5 sent_total    279  recv_total    251

node   6  (   0,    0) (   1,    0) (   0,    0) (   0,    1) (   0,    0) (   2,    0) (   0,    0) (   0,    0) (   0,    0) (   0,    0)
          (   2,    0) (   0,    1) (   0,    0) (   0,    0) (   0,    0) (   2,    0) (   0,    1) (   0,    0) (   0,    0) (   0,    0)
          (   2,    0) (   0,    2) (   0,    0) (   0,    0) (   0,    0) (   2,    0) (   0,    2) (   0,    0) (   0,    0) (   0,    0)
          (   2,    0) (   0,    0) (   0,    0) (   0,    0) (   0,    0) (   2,    0) (   0,    3) (   0,    0) (   0,    0) (   0,    0)
          (   2,    0) (   0,    0) (   0,    0) (   0,    0) (   0,    0) (   2,    0) (   0,    3) (   0,    0) (   0,    0) (   0,    0)
          (   2,    0) (   0,    0) (   0,    0) (   0,    0) (   0,    0) (   2,    0) (   0,    3) (   0,    0) (   0,    0) (   0,    0)
          (   2,    0) (   0,    1) (   0,    0) (   0,    0) (   0,    0) (   2,    0) (   0,    1) (   0,    0) (   0,    0) (   0,    0)
          (   2,    0) (   0,    1) (   0,    0) (   0,    0) (   0,    0) (   2,    0) (   0,    4) (   0,    0) (   0,    0) (   0,    0)
          (   2,    0) (   0,    1) (   0,    0) (   0,    0) (   0,    0) (   2,    0) (   0,    1) (   0,    0) (   0,    0) (   0,    0)
          (   2,    0) (   0,    0) (   0,    0) (   0,    0) (   0,    0) (   2,    0) (   0,    2) (   0,    0) (   0,    0) (   0,    0)
          (   2,    0) (   0,    3) (   0,    0) (   0,    0) (   0,    0) (   2,    0) (   0,    1) (   0,    0) (   0,    0) (   0,    0)
          (   2,    0) (   0,    1) (   0,    0) (   0,    0) (   0,    0) (   2,    0) (   0,    1) (   0,    0) (   0,    0) (   0,    0)
          (   2,    0) (   0,    0) (   0,    0) (   0,    0) (   0,    0) (   2,    0) (   0,    1) (   0,    0) (   0,    0) (   0,    0)
          (   2,    0) (   0,    2) (   0,    0) (   0,    0) (   0,    0) (   2,    0) (   0,    0) (   0,    0) (   0,    0) (   0,    0)
          (   2,    0) (   0,    0) (   0,    0) (   0,    0) (   0,    0) (   2,    0) (   0,    3) (   0,    0) (   0,    0) (   0,    0)
          (   2,    0) (   0,    1) (   0,    0) (   0,    0) (   0,    0) (   2,    0) (   0,    2) (   0,    0) (   0,    0) (   0,    0)
          (   2,    0) (   0,    1) (   0,    0) (   0,    0) (   0,    0) (   2,    0) (   0,    4) (   0,    0) (   0,    0) (   0,    0)
          (   2,    0) (   0,    2) (   0,    0) (   0,    0) (   0,    0) (   2,    0) (   0,    1) (   0,    0) (   0,    0) (   0,    0)
          (   2,    0) (   0,    5) (   0,    0) (   0,    0) (   0,    0) (   2,    0) (   0,    0) (   0,    0) (   0,    0) (   0,    0)
          (   2,    0) (   0,    3) (   0,    0) (   0,    0) (   0,    0) (   2,    0) (   0,    1) (   0,    0) (   0,    0) (   0,    0)
          (   2,    0) (   0,    2) (   0,    0) (   0,    0) (   0,    0) (   2,    0) (   0,    1) (   0,    0) (   0,    0) (   0,    0)
          (   2,    0) (   0,    1) (   0,    0) (   0,    0) (   0,    0) (   2,    0) (   0,    2) (   0,    0) (   0,    0) (   0,    0)
          (   2,    0) (   0,    0) (   0,    0) (   0,    0) (   0,    0) (   2,    0) (   0,    4) (   0,    0) (   0,    0) (   0,    0)
          (   2,    0) (   0,    1) (   0,    0) (   0,    0) (   0,    0) (   2,    0) (   0,    2) (   0,    0) (   0,    0) (   0,    0)
          (   2,    0) (   0,    3) (   0,    0) (   0,    0) (   0,    0) (   2,    0) (   0,    2) (   0,    0) (   0,    0) (   0,    0)
          (   2,    0) (   0,    2) (   0,    0) (   0,    0) (   0,    0) (   2,    0) (   0,    2) (   0,    0) (   0,    0) (   0,    0)
          (   2,    0) (   0,    1) (   0,    0) (   0,    0) (   0,    0) (   2,    0) (   0,    2) (   0,    0) (   0,    0) (   0,    0)
          (   2,    0) (   0,    1) (   0,    0) (   0,    0) (   0,    0) (   2,    0) (   0,    2) (   0,    0) (   0,    0) (   0,    0)
          (   2,    0) (   0,    4) (   0,    0) (   0,    0) (   0,    0) (   2,    0) (   0,    3) (   0,    0) (   0,    0) (   0,    0)
          (   2,    0) (   0,    0) (   0,    0) (   0,    0) (   0,    0) (   2,    0) (   0,    4) (   0,    0) (   0,    0) (   0,    0)
          (   2,    0) (   0,    3) (   0,    0) (   0,    0) (   0,    0) (   2,    0) (   0,    2) (   0,    0) (   0,    0) (   0,    0)
          (   2,    0) (   0,    1) (   0,    0) (   0,    0) (   0,    0) (   2,    0) (   0,    2) (   0,    0) (   0,    0) (   0,    0)
          (   2,    0) (   0,    3) (   0,    0) (   0,    0) (   0,    0) (   2,    0) (   0,    2) (   0,    0) (   0,    0) (   0,    0)
          (   2,    0) (   0,    3) (   0,    0) (   0,    0) (   0,    0) (   2,    0) (   0,    2) (   0,    0) (   0,    0) (   0,    0)
          (   2,    0) (   0,    2) (   0,    0) (   0,    0) (   0,    0) (   2,    0) (   0,    2) (   0,    0) (   0,    0) (   0,    0)
          (   2,    0) (   0,    0) (   0,    0) (   0,    0) (   0,    0) (   2,    0) (   0,    3) (   0,    0) (   0,    0) (   0,    0)
          (   2,    0) (   0,    1) (   0,    0) (   0,    0) (   0,    0) (   2,    0) (   0,    6) (   0,    0) (   0,    0) (   0,    0)
          (   2,    0) (   0,    4) (   0,    0) (   0,    0) (   0,    0) (   2,    0) (   0,    3) (   0,    0) (   0,    0) (   0,    0)
          (   2,    0) (   0,    1) (   0,    0) (   0,    0) (   0,    0) (   2,    0) (   0,    2) (   0,    0) (   0,    0) (   0,    0)
          (   2,    0) (   0,    1) (   0,    0) (   0,    0) (   0,    0) (   2,    0) (   0,    0) (   0,    0) (   0,    0) (   0,    0)
          (   2,    0) (   0,    3) (   0,    0) (   0,    0) (   0,    0) (   2,    0) (   0,    3) (   0,    0) (   0,    0) (   0,    0)
          (   2,    0) (   0,    1) (   0,    0) (   0,    0) (   0,    0) (   2,    0) (   0,    2) (   0,    0) (   0,    0) (   0,    0)
          (   2,    0) (   0,    1) (   0,    0) (   0,    0) (   0,    0) (   2,    0) (   0,    0) (   0,    0) (   0,    0) (   0,    0)
          (   2,    0) (   0,    3) (   0,    0) (   0,    0) (   0,    0) (   2,    0) (   0,    1) (   0,    0) (   0,    0) (   0,    0)
          (   2,    0) (   0,    1) (   0,    0) (   0,    0) (   0,    0) (   2,    0) (   0,    2) (   0,    0) (   0,    0) (   0,    0)
          (   2,    0) (   0,    2) (   0,    0) (   0,    0) (   0,    0) (   2,    0) (   0,    1) (   0,    0) (   0,    0) (   0,    0)
          (   2,    0) (   0,    3) (   0,    0) (   0,    0) (   0,    0) (   2,    0) (   0,    0) (   0,    0) (   0,    0) (   0,    0)
          (   2,    0) (   0,    2) (   0,    0) (   0,    0) (   0,    0) (   2,    0) (   0,    2) (   0,    0) (   0,    0) (   0,    0)
          (   2,    0) (   0,    3) (   0,    0) (   0,    0) (   0,    0) (   2,    0) (   0,    3) (   0,    0) (   0,    0) (   0,    0)
          (   2,    0) (   0,    0) (   0,    0) (   0,    0) (   0,    0) (   2,    0) (   0,    4) (   0,    0) (   0,    0) (   0,    0)
          (   2,    0) (   0,    0) (   0,    0) (   0,    0) (   0,    0) (   2,    0) (   0,    1) (   0,    0) (   0,    0) (   0,    0)
          (   2,    0) (   0,    3) (   0,    0) (   0,    0) (   0,    0) (   2,    0) (   0,    1) (   0,    0) (   0,    0) (   0,    0)
          (   2,    0) (   0,    0) (   0,    0) (   0,    0) (   0,    0) (   2,    0) (   0,    2) (   0,    0) (   0,    0) (   0,    0)
          (   2,    0) (   0,    3) (   0,    0) (   0,    0) (   0,    0) (   2,    0) (   0,    2) (   0,    0) (   0,    0) (   0,    0)
          (   2,    0) (   0,    4) (   0,    0) (   0,    0) (   0,    0) (   2,    0) (   0,    2) (   0,    0) (   0,    0) (   0,    0)
          (   2,    0) (   0,    1) (   0,    0) (   0,    0) (   0,    0) (   2,    0) (   0,    4) (   0,    0) (   0,    0) (   0,    0)
          (   2,    0) (   0,    2) (   0,    0) (   0,    0) (   0,    0) (   2,    0) (   0,    4) (   0,    0) (   0,    0) (   0,    0)
          (   2,    0) (   0,    2) (   0,    0) (   0,    0) (   0,    0) (   2,    0) (   0,    1) (   0,    0) (   0,    0) (   0,    0)
          (   2,    0) (   0,    1) (   0,    0) (   0,    0) (   0,    0) (   2,    0) (   0,    3) (   0,    0) (   0,    0) (   0,    0)
          (   2,    0) (   0,    4) (   0,    0) (   0,    0) (   0,    0) (   2,    0) (   0,    1) (   0,    0) (   0,    0) (   0,    0)
          (   2,    0) (   0,    4) (   0,    0) (   0,    0) (   0,    0) (   2,    0) (   0,    1) (   0,    0) (   0,    0) (   0,    0)
          (   2,    0) (   0,    2) (   0,    0) (   0,    0) (   0,    0) (   2,    0) (   0,    2) (   0,    0) (   0,    0) (   0,    0)
          (   2,    0) (   0,    1) (   0,    0) (   0,    0) (   0,    0) (   2,    0) (   0,    3) (   0,    0) (   0,    0) (   0,    0)
          (   2,    0) (   0,    3) (   0,    0) (   0,    0) (   0,    0) (   2,    0) (   0,    2) (   0,    0) (   0,    0) (   0,    0)
          (   2,    0) (   0,    4) (   0,    0) (   0,    0) (   0,    0) (   2,    0) (   0,    2) (   0,    0) (   0,    0) (   0,    0)
          (   2,    0) (   0,    0) (   0,    0) (   0,    0) (   0,    0) (   2,    0) (   0,    1) (   0,    0) (   0,    0) (   0,    0)
          (   2,    0) (   0,    3) (   0,    0) (   0,    0) (   0,    0) (   2,    0) (   0,    3) (   0,    0) (   0,    0) (   0,    0)
          (   2,    0) (   0,    3) (   0,    0) (   0,    0) (   0,    0) (   2,    0) (   0,    2) (   0,    0) (   0,    0) (   0,    0)
          (   2,    0) (   0,    1) (   0,    0) (   0,    0) (   0,    0) (   2,    0) (   0,    0) (   0,    0) (   0,    0) (   0,    0)
          (   2,    0) (   0,    2) (   0,    0) (   0,    0) (   0,    0) (   2,    0) (   0,    3) (   0,    0) (   0,    0) (   0,    0)
         
node   6 sent_total    279  recv_total    261

node   7  (   0,    0) (   1,    0) (   0,    0) (   0,    1) (   0,    0) (   2,    0) (   0,    0) (   0,    0) (   0,    0) (   0,    0)
          (   2,    0) (   0,    0) (   0,    0) (   0,    0) (   0,    0) (   2,    0) (   0,    0) (   0,    0) (   0,    0) (   0,    0)
          (   2,    0) (   0,    1) (   0,    0) (   0,    0) (   0,    0) (   2,    0) (   0,    3) (   0,    0) (   0,    0) (   0,    0)
          (   2,    0) (   0,    2) (   0,    0) (   0,    0) (   0,    0) (   2,    0) (   0,    2) (   0,    0) (   0,    0) (   0,    0)
          (   2,    0) (   0,    3) (   0,    0) (   0,    0) (   0,    0) (   2,    0) (   0,    1) (   0,    0) (   0,    0) (   0,    0)
          (   2,    0) (   0,    1) (   0,    0) (   0,    0) (   0,    0) (   2,    0) (   0,    2) (   0,    0) (   0,    0) (   0,    0)
          (   2,    0) (   0,    2) (   0,    0) (   0,    0) (   0,    0) (   2,    0) (   0,    2) (   0,    0) (   0,    0) (   0,    0)
          (   2,    0) (   0,    3) (   0,    0) (   0,    0) (   0,    0) (   2,    0) (   0,    3) (   0,    0) (   0,    0) (   0,    0)
          (   2,    0) (   0,    1) (   0,    0) (   0,    0) (   0,    0) (   2,    0) (   0,    1) (   0,    0) (   0,    0) (   0,    0)
          (   2,    0) (   0,    3) (   0,    0) (   0,    0) (   0,    0) (   2,    0) (   0,    4) (   0,    0) (   0,    0) (   0,    0)
          (   2,    0) (   0,    0) (   0,    0) (   0,    0) (   0,    0) (   2,    0) (   0,    1) (   0,    0) (   0,    0) (   0,    0)
          (   2,    0) (   0,    1) (   0,    0) (   0,    0) (   0,    0) (   2,    0) (   0,    0) (   0,    0) (   0,    0) (   0,    0)
          (   2,    0) (   0,    3) (   0,    0) (   0,    0) (   0,    0) (   2,    0) (   0,    1) (   0,    0) (   0,    0) (   0,    0)
          (   2,    0) (   0,    2) (   0,    0) (   0,    0) (   0,    0) (   2,    0) (   0,    1) (   0,    0) (   0,    0) (   0,    0)
          (   2,    0) (   0,    1) (   0,    0) (   0,    0) (   0,    0) (   2,    0) (   0,    3) (   0,    0) (   0,    0) (   0,    0)
          (   2,    0) (   0,    5) (   0,    0) (   0,    0) (   0,    0) (   2,    0) (   0,    2) (   0,    0) (   0,    0) (   0,    0)
          (   2,    0) (   0,    3) (   0,    0) (   0,    0) (   0,    0) (   2,    0) (   0,    0) (   0,    0) (   0,    0) (   0,    0)
          (   2,    0) (   0,    3) (   0,    0) (   0,    0) (   0,    0) (   2,    0) (   0,    0) (   0,    0) (   0,    0) (   0,    0)
          (   2,    0) (   0,    2) (   0,    0) (   0,    0) (   0,    0) (   2,    0) (   0,    3) (   0,    0) (   0,    0) (   0,    0)
          (   2,    0) (   0,    6) (   0,    0) (   0,    0) (   0,    0) (   2,    0) (   0,    3) (   0,    0) (   0,    0) (   0,    0)
          (   2,    0) (   0,    2) (   0,    0) (   0,    0) (   0,    0) (   2,    0) (   0,    0) (   0,    0) (   0,    0) (   0,    0)
          (   2,    0) (   0,    1) (   0,    0) (   0,    0) (   0,    0) (   2,    0) (   0,    2) (   0,    0) (   0,    0) (   0,    0)
          (   2,    0) (   0,    1) (   0,    0) (   0,    0) (   0,    0) (   2,    0) (   0,    2) (   0,    0) (   0,    0) (   0,    0)
          (   2,    0) (   0,    1) (   0,    0) (   0,    0) (   0,    0) (   2,    0) (   0,    2) (   0,    0) (   0,    0) (   0,    0)
          (   2,    0) (   0,    0) (   0,    0) (   0,    0) (   0,    0) (   2,    0) (   0,    2) (   0,    0) (   0,    0) (   0,    0)
          (   2,    0) (   0,    2) (   0,    0) (   0,    0) (   0,    0) (   2,    0) (   0,    2) (   0,    0) (   0,    0) (   0,    0)
          (   2,    0) (   0,    2) (   0,    0) (   0,    0) (   0,    0) (   2,    0) (   0,    4) (   0,    0) (   0,    0) (   0,    0)
          (   2,    0) (   0,    1) (   0,    0) (   0,    0) (   0,    0) (   2,    0) (   0,    1) (   0,    0) (   0,    0) (   0,    0)
          (   2,    0) (   0,    2) (   0,    0) (   0,    0) (   0,    0) (   2,    0) (   0,    3) (   0,    0) (   0,    0) (   0,    0)
          (   2,    0) (   0,    0) (   0,    0) (   0,    0) (   0,    0) (   2,    0) (   0,    2) (   0,    0) (   0,    0) (   0,    0)
          (   2,    0) (   0,    2) (   0,    0) (   0,    0) (   0,    0) (   2,    0) (   0,    3) (   0,    0) (   0,    0) (   0,    0)
          (   2,    0) (   0,    4) (   0,    0) (   0,    0) (   0,    0) (   2,    0) (   0,    3) (   0,    0) (   0,    0) (   0,    0)
          (   2,    0) (   0,    1) (   0,    0) (   0,    0) (   0,    0) (   2,    0) (   0,    1) (   0,    0) (   0,    0) (   0,    0)
          (   2,    0) (   0,    3) (   0,    0) (   0,    0) (   0,    0) (   2,    0) (   0,    3) (   0,    0) (   0,    0) (   0,    0)
          (   2,    0) (   0,    1) (   0,    0) (   0,    0) (   0,    0) (   2,    0) (   0,    2) (   0,    0) (   0,    0) (   0,    0)
          (   2,    0) (   0,    2) (   0,    0) (   0,    0) (   0,    0) (   2,    0) (   0,    1) (   0,    0) (   0,    0) (   0,    0)
          (   2,    0) (   0,    3) (   0,    0) (   0,    0) (   0,    0) (   2,    0) (   0,    2) (   0,    0) (   0,    0) (   0,    0)
          (   2,    0) (   0,    0) (   0,    0) (   0,    0) (   0,    0) (   2,    0) (   0,    2) (   0,    0) (   0,    0) (   0,    0)
          (   2,    0) (   0,    3) (   0,    0) (   0,    0) (   0,    0) (   2,    0) (   0,    4) (   0,    0) (   0,    0) (   0,    0)
          (   2,    0) (   0,    3) (   0,    0) (   0,    0) (   0,    0) (   2,    0) (   0,    0) (   0,    0) (   0,    0) (   0,    0)
          (   2,    0) (   0,    2) (   0,    0) (   0,    0) (   0,    0) (   2,    0) (   0,    1) (   0,    0) (   0,    0) (   0,    0)
          (   2,    0) (   0,    2) (   0,    0) (   0,    0) (   0,    0) (   2,    0) (   0,    2) (   0,    0) (   0,    0) (   0,    0)
          (   2,    0) (   0,    2) (   0,    0) (   0,    0) (   0,    0) (   2,    0) (   0,    3) (   0,    0) (   0,    0) (   0,    0)
          (   2,    0) (   0,    2) (   0,    0) (   0,    0) (   0,    0) (   2,    0) (   0,    2) (   0,    0) (   0,    0) (   0,    0)
          (   2,    0) (   0,    4) (   0,    0) (   0,    0) (   0,    0) (   2,    0) (   0,    2) (   0,    0) (   0,    0) (   0,    0)
          (   2,    0) (   0,    1) (   0,    0) (   0,    0) (   0,    0) (   2,    0) (   0,    4) (   0,    0) (   0,    0) (   0,    0)
          (   2,    0) (   0,    4) (   0,    0) (   0,    0) (   0,    0) (   2,    0) (   0,    2) (   0,    0) (   0,    0) (   0,    0)
          (   2,    0) (   0,    2) (   0,    0) (   0,    0) (   0,    0) (   2,    0) (   0,    2) (   0,    0) (   0,    0) (   0,    0)
          (   2,    0) (   0,    2) (   0,    0) (   0,    0) (   0,    0) (   2,    0) (   0,    2) (   0,    0) (   0,    0) (   0,    0)
          (   2,    0) (   0,    3) (   0,    0) (   0,    0) (   0,    0) (   2,    0) (   0,    1) (   0,    0) (   0,    0) (   0,    0)
          (   2,    0) (   0,    3) (   0,    0) (   0,    0) (   0,    0) (   2,    0) (   0,    1) (   0,    0) (   0,    0) (   0,    0)
          (   2,    0) (   0,    1) (   0,    0) (   0,    0) (   0,    0) (   2,    0) (   0,    0) (   0,    0) (   0,    0) (   0,    0)
          (   2,    0) (   0,    3) (   0,    0) (   0,    0) (   0,    0) (   2,    0) (   0,    2) (   0,    0) (   0,    0) (   0,    0)
          (   2,    0) (   0,    3) (   0,    0) (   0,    0) (   0,    0) (   2,    0) (   0,    2) (   0,    0) (   0,    0) (   0,    0)
          (   2,    0) (   0,    2) (   0,    0) (   0,    0) (   0,    0) (   2,    0) (   0,    3) (   0,    0) (   0,    0) (   0,    0)
          (   2,    0) (   0,    4) (   0,    0) (   0,    0) (   0,    0) (   2,    0) (   0,    3) (   0,    0) (   0,    0) (   0,    0)
          (   2,    0) (   0,    1) (   0,    0) (   0,    0) (   0,    0) (   2,    0) (   0,    2) (   0,    0) (   0,    0) (   0,    0)
          (   2,    0) (   0,    2) (   0,    0) (   0,    0) (   0,    0) (   2,    0) (   0,    1) (   0,    0) (   0,    0) (   0,    0)
          (   2,    0) (   0,    4) (   0,    0) (   0,    0) (   0,    0) (   2,    0) (   0,    5) (   0,    0) (   0,    0) (   0,    0)
          (   2,    0) (   0,    2) (   0,    0) (   0,    0) (   0,    0) (   2,    0) (   0,    2) (   0,    0) (   0,    0) (   0,    0)
          (   2,    0) (   0,    3) (   0,    0) (   0,    0) (   0,    0) (   2,    0) (   0,    2) (   0,    0) (   0,    0) (   0,    0)
          (   2,    0) (   0,    1) (   0,    0) (   0,    0) (   0,    0) (   2,    0) (   0,    2) (   0,    0) (   0,    0) (   0,    0)
          (   2,    0) (   0,    5) (   0,    0) (   0,    0) (   0,    0) (   2,    0) (   0,    1) (   0,    0) (   0,    0) (   0,    0)
          (   2,    0) (   0,    1) (   0,    0) (   0,    0) (   0,    0) (   2,    0) (   0,    3) (   0,    0) (   0,    0) (   0,    0)
          (   2,    0) (   0,    2) (   0,    0) (   0,    0) (   0,    0) (   2,    0) (   0,    2) (   0,    0) (   0,    0) (   0,    0)
          (   2,    0) (   0,    1) (   0,    0) (   0,    0) (   0,    0) (   2,    0) (   0,    3) (   0,    0) (   0,    0) (   0,    0)
          (   2,    0) (   0,    3) (   0,    0) (   0,    0) (   0,    0) (   2,    0) (   0,    4) (   0,    0) (   0,    0) (   0,    0)
          (   2,    0) (   0,    2) (   0,    0) (   0,    0) (   0,    0) (   2,    0) (   0,    5) (   0,    0) (   0,    0) (   0,    0)
          (   2,    0) (   0,    3) (   0,    0) (   0,    0) (   0,    0) (   2,    0) (   0,    2) (   0,    0) (   0,    0) (   0,    0)
          (   2,    0) (   0,    3) (   0,    0) (   0,    0) (   0,    0) (   2,    0) (   0,    2) (   0,    0) (   0,    0) (   0,    0)
         
node   7 sent_total    279  recv_total    291

node   8  (   0,    0) (   1,    0) (   0,    0) (   0,    1) (   0,    0) (   2,    0) (   0,    0) (   0,    0) (   0,    0) (   0,    0)
          (   2,    0) (   0,    0) (   0,    0) (   0,    0) (   0,    0) (   2,    0) (   0,    0) (   0,    0) (   0,    0) (   0,    0)
          (   2,    0) (   0,    1) (   0,    0) (   0,    0) (   0,    0) (   2,    0) (   0,    0) (   0,    0) (   0,    0) (   0,    0)
          (   2,    0) (   0,    1) (   0,    0) (   0,    0) (   0,    0) (   2,    0) (   0,    2) (   0,    0) (   0,    0) (   0,    0)
          (   2,    0) (   0,    3) (   0,    0) (   0,    0) (   0,    0) (   2,    0) (   0,    0) (   0,    0) (   0,    0) (   0,    0)
          (   2,    0) (   0,    1) (   0,    0) (   0,    0) (   0,    0) (   2,    0) (   0,    1) (   0,    0) (   0,    0) (   0,    0)
          (   2,    0) (   0,    3) (   0,    0) (   0,    0) (   0,    0) (   2,    0) (   0,    3) (   0,    0) (   0,    0) (   0,    0)
          (   2,    0) (   0,    2) (   0,    0) (   0,    0) (   0,    0) (   2,    0) (   0,    1) (   0,    0) (   0,    0) (   0,    0)
          (   2,    0) (   0,    2) (   0,    0) (   0,    0) (   0,    0) (   2,    0) (   0,    1) (   0,    0) (   0,    0) (   0,    0)
          (   2,    0) (   0,    3) (   0,    0) (   0,    0) (   0,    0) (   2,    0) (   0,    2) (   0,    0) (   0,    0) (   0,    0)
          (   2,    0) (   0,    0) (   0,    0) (   0,    0) (   0,    0) (   0,    0) (   0,    0) (   0,    0) (   0,    0) (   0,    0)
          (   0,    0) (   0,    0) (   0,    0) (   0,    0) (   0,    0) (   0,    0) (   0,    0) (   0,    0) (   0,    0) (   0,    0)
          (   0,    0) (   0,    0) (   0,    0) (   0,    0) (   0,    0) (   0,    0) (   0,    0) (   0,    0) (   0,    0) (   0,    0)
          (   0,    0) (   0,    0) (   0,    0) (   0,    0) (   0,    0) (   0,    0) (   0,    0) (   0,    0) (   0,    0) (   0,    0)
          (   0,    0) (   0,    0) (   0,    0) (   0,    0) (   0,    0) (   0,    0) (   0,    0) (   0,    0) (   0,    0) (   0,    0)
          (   0,    0) (   0,    0) (   0,    0) (   0,    0) (   0,    0) (   0,    0) (   0,    0) (   0,    0) (   0,    0) (   0,    0)
          (   0,    0) (   0,    0) (   0,    0) (   0,    0) (   0,    0) (   0,    0) (   0,    0) (   0,    0) (   0,    0) (   0,    0)
          (   0,    0) (   0,    0) (   0,    0) (   0,    0) (   0,    0) (   0,    0) (   0,    0) (   0,    0) (   0,    0) (   0,    0)
          (   0,    0) (   0,    0) (   0,    0) (   0,    0) (   0,    0) (   0,    0) (   0,    0) (   0,    0) (   0,    0) (   0,    0)
          (   0,    0) (   0,    0) (   0,    0) (   0,    0) (   0,    0) (   0,    0) (   0,    0) (   0,    0) (   0,    0) (   0,    0)
          (   0,    0) (   0,    0) (   0,    0) (   0,    0) (   0,    0) (   0,    0) (   0,    0) (   0,    0) (   0,    0) (   0,    0)
          (   0,    0) (   0,    0) (   0,    0) (   0,    0) (   0,    0) (   0,    0) (   0,    0) (   0,    0) (   0,    0) (   0,    0)
          (   0,    0) (   0,    0) (   0,    0) (   0,    0) (   0,    0) (   0,    0) (   0,    0) (   0,    0) (   0,    0) (   0,    0)
          (   0,    0) (   0,    0) (   0,    0) (   0,    0) (   0,    0) (   0,    0) (   0,    0) (   0,    0) (   0,    0) (   0,    0)
          (   0,    0) (   0,    0) (   0,    0) (   0,    0) (   0,    0) (   0,    0) (   0,    0) (   0,    0) (   0,    0) (   0,    0)
          (   0,    0) (   0,    0) (   0,    0) (   0,    0) (   0,    0) (   0,    0) (   0,    0) (   0,    0) (   0,    0) (   0,    0)
          (   0,    0) (   0,    0) (   0,    0) (   0,    0) (   0,    0) (   0,    0) (   0,    0) (   0,    0) (   0,    0) (   0,    0)
          (   0,    0) (   0,    0) (   0,    0) (   0,    0) (   0,    0) (   0,    0) (   0,    0) (   0,    0) (   0,    0) (   0,    0)
          (   0,    0) (   0,    0) (   0,    0) (   0,    0) (   0,    0) (   0,    0) (   0,    0) (   0,    0) (   0,    0) (   0,    0)
          (   0,    0) (   0,    0) (   0,    0) (   0,    0) (   0,    0) (   0,    0) (   0,    0) (   0,    0) (   0,    0) (   0,    0)
          (   0,    0) (   0,    0) (   0,    0) (   0,    0) (   0,    0) (   0,    0) (   0,    0) (   0,    0) (   0,    0) (   0,    0)
          (   0,    0) (   0,    0) (   0,    0) (   0,    0) (   0,    0) (   0,    0) (   0,    0) (   0,    0) (   0,    0) (   0,    0)
          (   0,    0) (   0,    0) (   0,    0) (   0,    0) (   0,    0) (   0,    0) (   0,    0) (   0,    0) (   0,    0) (   0,    0)
          (   0,    0) (   0,    0) (   0,    0) (   0,    0) (   0,    0) (   0,    0) (   0,    0) (   0,    0) (   0,    0) (   0,    0)
          (   0,    0) (   0,    0) (   0,    0) (   0,    0) (   0,    0) (   0,    0) (   0,    0) (   0,    0) (   0,    0) (   0,    0)
          (   0,    0) (   0,    0) (   0,    0) (   0,    0) (   0,    0) (   0,    0) (   0,    0) (   0,    0) (   0,    0) (   0,    0)
          (   0,    0) (   0,    0) (   0,    0) (   0,    0) (   0,    0) (   0,    0) (   0,    0) (   0,    0) (   0,    0) (   0,    0)
          (   0,    0) (   0,    0) (   0,    0) (   0,    0) (   0,    0) (   0,    0) (   0,    0) (   0,    0) (   0,    0) (   0,    0)
          (   0,    0) (   0,    0) (   0,    0) (   0,    0) (   0,    0) (   0,    0) (   0,    0) (   0,    0) (   0,    0) (   0,    0)
          (   0,    0) (   0,    0) (   0,    0) (   0,    0) (   0,    0) (   0,    0) (   0,    0) (   0,    0) (   0,    0) (   0,    0)
          (   0,    0) (   0,    0) (   0,    0) (   0,    0) (   0,    0) (   0,    0) (   0,    0) (   0,    0) (   0,    0) (   0,    0)
          (   0,    0) (   0,    0) (   0,    0) (   0,    0) (   0,    0) (   0,    0) (   0,    0) (   0,    0) (   0,    0) (   0,    0)
          (   0,    0) (   0,    0) (   0,    0) (   0,    0) (   0,    0) (   0,    0) (   0,    0) (   0,    0) (   0,    0) (   0,    0)
          (   0,    0) (   0,    0) (   0,    0) (   0,    0) (   0,    0) (   0,    0) (   0,    0) (   0,    0) (   0,    0) (   0,    0)
          (   0,    0) (   0,    0) (   0,    0) (   0,    0) (   0,    0) (   0,    0) (   0,    0) (   0,    0) (   0,    0) (   0,    0)
          (   0,    0) (   0,    0) (   0,    0) (   0,    0) (   0,    0) (   0,    0) (   0,    0) (   0,    0) (   0,    0) (   0,    0)
          (   0,    0) (   0,    0) (   0,    0) (   0,    0) (   0,    0) (   0,    0) (   0,    0) (   0,    0) (   0,    0) (   0,    0)
          (   0,    0) (   0,    0) (   0,    0) (   0,    0) (   0,    0) (   0,    0) (   0,    0) (   0,    0) (   0,    0) (   0,    0)
          (   0,    0) (   0,    0) (   0,    0) (   0,    0) (   0,    0) (   0,    0) (   0,    0) (   0,    0) (   0,    0) (   0,    0)
          (   0,    0) (   0,    0) (   0,    0) (   0,    0) (   0,    0) (   0,    0) (   0,    0) (   0,    0) (   0,    0) (   0,    0)
          (   0,    0) (   0,    0) (   0,    0) (   0,    0) (   0,    0) (   0,    0) (   0,    0) (   0,    0) (   0,    0) (   0,    0)
          (   0,    0) (   0,    0) (   0,    0) (   0,    0) (   0,    0) (   0,    0) (   0,    0) (   0,    0) (   0,    0) (   0,    0)
          (   0,    0) (   0,    0) (   0,    0) (   0,    0) (   0,    0) (   0,    0) (   0,    0) (   0,    0) (   0,    0) (   0,    0)
          (   0,    0) (   0,    0) (   0,    0) (   0,    0) (   0,    0) (   0,    0) (   0,    0) (   0,    0) (   0,    0) (   0,    0)
          (   0,    0) (   0,    0) (   0,    0) (   0,    0) (   0,    0) (   0,    0) (   0,    0) (   0,    0) (   0,    0) (   0,    0)
          (   0,    0) (   0,    0) (   0,    0) (   0,    0) (   0,    0) (   0,    0) (   0,    0) (   0,    0) (   0,    0) (   0,    0)
          (   0,    0) (   0,    0) (   0,    0) (   0,    0) (   0,    0) (   0,    0) (   0,    0) (   0,    0) (   0,    0) (   0,    0)
          (   0,    0) (   0,    0) (   0,    0) (   0,    0) (   0,    0) (   0,    0) (   0,    0) (   0,    0) (   0,    0) (   0,    0)
          (   0,    0) (   0,    0) (   0,    0) (   0,    0) (   0,    0) (   0,    0) (   0,    0) (   0,    0) (   0,    0) (   0,    0)
          (   0,    0) (   0,    0) (   0,    0) (   0,    0) (   0,    0) (   0,    0) (   0,    0) (   0,    0) (   0,    0) (   0,    0)
          (   0,    0) (   0,    0) (   0,    0) (   0,    0) (   0,    0) (   0,    0) (   0,    0) (   0,    0) (   0,    0) (   0,    0)
          (   0,    0) (   0,    0) (   0,    0) (   0,    0) (   0,    0) (   0,    0) (   0,    0) (   0,    0) (   0,    0) (   0,    0)
          (   0,    0) (   0,    0) (   0,    0) (   0,    0) (   0,    0) (   0,    0) (   0,    0) (   0,    0) (   0,    0) (   0,    0)
          (   0,    0) (   0,    0) (   0,    0) (   0,    0) (   0,    0) (   0,    0) (   0,    0) (   0,    0) (   0,    0) (   0,    0)
          (   0,    0) (   0,    0) (   0,    0) (   0,    0) (   0,    0) (   0,    0) (   0,    0) (   0,    0) (   0,    0) (   0,    0)
          (   0,    0) (   0,    0) (   0,    0) (   0,    0) (   0,    0) (   0,    0) (   0,    0) (   0,    0) (   0,    0) (   0,    0)
          (   0,    0) (   0,    0) (   0,    0) (   0,    0) (   0,    0) (   0,    0) (   0,    0) (   0,    0) (   0,    0) (   0,    0)
          (   0,    0) (   0,    0) (   0,    0) (   0,    0) (   0,    0) (   0,    0) (   0,    0) (   0,    0) (   0,    0) (   0,    0)
          (   0,    0) (   0,    0) (   0,    0) (   0,    0) (   0,    0) (   0,    0) (   0,    0) (   0,    0) (   0,    0) (   0,    0)
          (   0,    0) (   0,    0) (   0,    0) (   0,    0) (   0,    0) (   0,    0) (   0,    0) (   0,    0) (   0,    0) (   0,    0)
         
node   8 sent_total     41  recv_total     27

node   9  (   0,    0) (   0,    0) (   1,    0) (   0,    0) (   0,    1) (   2,    0) (   0,    0) (   0,    0) (   0,    0) (   0,    0)
          (   2,    0) (   0,    2) (   0,    0) (   0,    0) (   0,    0) (   2,    0) (   0,    2) (   0,    0) (   0,    0) (   0,    0)
          (   2,    0) (   0,    2) (   0,    0) (   0,    0) (   0,    0) (   2,    0) (   0,    3) (   0,    0) (   0,    0) (   0,    0)
          (   2,    0) (   0,    0) (   0,    0) (   0,    0) (   0,    0) (   2,    0) (   0,    3) (   0,    0) (   0,    0) (   0,    0)
          (   2,    0) (   0,    3) (   0,    0) (   0,    0) (   0,    0) (   2,    0) (   0,    4) (   0,    0) (   0,    0) (   0,    0)
          (   2,    0) (   0,    4) (   0,    0) (   0,    0) (   0,    0) (   2,    0) (   0,    2) (   0,    0) (   0,    0) (   0,    0)
          (   2,    0) (   0,    3) (   0,    0) (   0,    0) (   0,    0) (   2,    0) (   0,    3) (   0,    0) (   0,    0) (   0,    0)
          (   2,    0) (   0,    1) (   0,    0) (   0,    0) (   0,    0) (   2,    0) (   0,    0) (   0,    0) (   0,    0) (   0,    0)
          (   2,    0) (   0,    2) (   0,    0) (   0,    0) (   0,    0) (   2,    0) (   0,    2) (   0,    0) (   0,    0) (   0,    0)
          (   2,    0) (   0,    1) (   0,    0) (   0,    0) (   0,    0) (   2,    0) (   0,    1) (   0,    0) (   0,    0) (   0,    0)
          (   2,    0) (   0,    1) (   0,    0) (   0,    0) (   0,    0) (   2,    0) (   0,    3) (   0,    0) (   0,    0) (   0,    0)
          (   2,    0) (   0,    3) (   0,    0) (   0,    0) (   0,    0) (   2,    0) (   0,    2) (   0,    0) (   0,    0) (   0,    0)
          (   2,    0) (   0,    1) (   0,    0) (   0,    0) (   0,    0) (   2,    0) (   0,    1) (   0,    0) (   0,    0) (   0,    0)
          (   2,    0) (   0,    4) (   0,    0) (   0,    0) (   0,    0) (   2,    0) (   0,    4) (   0,    0) (   0,    0) (   0,    0)
          (   2,    0) (   0,    2) (   0,    0) (   0,    0) (   0,    0) (   2,    0) (   0,    1) (   0,    0) (   0,    0) (   0,    0)
          (   2,    0) (   0,    1) (   0,    0) (   0,    0) (   0,    0) (   2,    0) (   0,    2) (   0,    0) (   0,    0) (   0,    0)
          (   2,    0) (   0,    3) (   0,    0) (   0,    0) (   0,    0) (   2,    0) (   0,    2) (   0,    0) (   0,    0) (   0,    0)
          (   2,    0) (   0,    4) (   0,    0) (   0,    0) (   0,    0) (   2,    0) (   0,    2) (   0,    0) (   0,    0) (   0,    0)
          (   2,    0) (   0,    2) (   0,    0) (   0,    0) (   0,    0) (   2,    0) (   0,    1) (   0,    0) (   0,    0) (   0,    0)
          (   2,    0) (   0,    2) (   0,    0) (   0,    0) (   0,    0) (   2,    0) (   0,    2) (   0,    0) (   0,    0) (   0,    0)
          (   2,    0) (   0,    3) (   0,    0) (   0,    0) (   0,    0) (   2,    0) (   0,    2) (   0,    0) (   0,    0) (   0,    0)
          (   2,    0) (   0,    2) (   0,    0) (   0,    0) (   0,    0) (   2,    0) (   0,    3) (   0,    0) (   0,    0) (   0,    0)
          (   2,    0) (   0,    4) (   0,    0) (   0,    0) (   0,    0) (   2,    0) (   0,    1) (   0,    0) (   0,    0) (   0,    0)
          (   2,    0) (   0,    2) (   0,    0) (   0,    0) (   0,    0) (   2,    0) (   0,    2) (   0,    0) (   0,    0) (   0,    0)
          (   2,    0) (   0,    6) (   0,    0) (   0,    0) (   0,    0) (   2,    0) (   0,    2) (   0,    0) (   0,    0) (   0,    0)
          (   2,    0) (   0,    2) (   0,    0) (   0,    0) (   0,    0) (   2,    0) (   0,    3) (   0,    0) (   0,    0) (   0,    0)
          (   2,    0) (   0,    4) (   0,    0) (   0,    0) (   0,    0) (   2,    0) (   0,    0) (   0,    0) (   0,    0) (   0,    0)
          (   2,    0) (   0,    0) (   0,    0) (   0,    0) (   0,    0) (   2,    0) (   0,    1) (   0,    0) (   0,    0) (   0,    0)
          (   2,    0) (   0,    1) (   0,    0) (   0,    0) (   0,    0) (   2,    0) (   0,    3) (   0,    0) (   0,    0) (   0,    0)
          (   2,    0) (   0,    2) (   0,    0) (   0,    0) (   0,    0) (   2,    0) (   0,    2) (   0,    0) (   0,    0) (   0,    0)
          (   2,    0) (   0,    0) (   0,    0) (   0,    0) (   0,    0) (   2,    0) (   0,    3) (   0,    0) (   0,    0) (   0,    0)
          (   2,    0) (   0,    1) (   0,    0) (   0,    0) (   0,    0) (   2,    0) (   0,    3) (   0,    0) (   0,    0) (   0,    0)
          (   2,    0) (   0,    4) (   0,    0) (   0,    0) (   0,    0) (   2,    0) (   0,    3) (   0,    0) (   0,    0) (   0,    0)
          (   2,    0) (   0,    2) (   0,    0) (   0,    0) (   0,    0) (   2,    0) (   0,    2) (   0,    0) (   0,    0) (   0,    0)
          (   2,    0) (   0,    3) (   0,    0) (   0,    0) (   0,    0) (   2,    0) (   0,    1) (   0,    0) (   0,    0) (   0,    0)
          (   2,    0) (   0,    2) (   0,    0) (   0,    0) (   0,    0) (   2,    0) (   0,    3) (   0,    0) (   0,    0) (   0,    0)
          (   2,    0) (   0,    1) (   0,    0) (   0,    0) (   0,    0) (   2,    0) (   0,    3) (   0,    0) (   0,    0) (   0,    0)
          (   2,    0) (   0,    1) (   0,    0) (   0,    0) (   0,    0) (   2,    0) (   0,    1) (   0,    0) (   0,    0) (   0,    0)
          (   2,    0) (   0,    0) (   0,    0) (   0,    0) (   0,    0) (   2,    0) (   0,    2) (   0,    0) (   0,    0) (   0,    0)
          (   2,    0) (   0,    7) (   0,    0) (   0,    0) (   0,    0) (   2,    0) (   0,    5) (   0,    0) (   0,    0) (   0,    0)
          (   2,    0) (   0,    0) (   0,    0) (   0,    0) (   0,    0) (   2,    0) (   0,    1) (   0,    0) (   0,    0) (   0,    0)
          (   2,    0) (   0,    2) (   0,    0) (   0,    0) (   0,    0) (   2,    0) (   0,    3) (   0,    0) (   0,    0) (   0,    0)
          (   2,    0) (   0,    3) (   0,    0) (   0,    0) (   0,    0) (   2,    0) (   0,    2) (   0,    0) (   0,    0) (   0,    0)
          (   2,    0) (   0,    1) (   0,    0) (   0,    0) (   0,    0) (   2,    0) (   0,    0) (   0,    0) (   0,    0) (   0,    0)
          (   2,    0) (   0,    0) (   0,    0) (   0,    0) (   0,    0) (   2,    0) (   0,    2) (   0,    0) (   0,    0) (   0,    0)
          (   2,    0) (   0,    3) (   0,    0) (   0,    0) (   0,    0) (   2,    0) (   0,    5) (   0,    0) (   0,    0) (   0,    0)
          (   2,    0) (   0,    4) (   0,    0) (   0,    0) (   0,    0) (   2,    0) (   0,    1) (   0,    0) (   0,    0) (   0,    0)
          (   2,    0) (   0,    7) (   0,    0) (   0,    0) (   0,    0) (   2,    0) (   0,    4) (   0,    0) (   0,    0) (   0,    0)
          (   2,    0) (   0,    2) (   0,    0) (   0,    0) (   0,    0) (   2,    0) (   0,    2) (   0,    0) (   0,    0) (   0,    0)
          (   2,    0) (   0,    5) (   0,    0) (   0,    0) (   0,    0) (   2,    0) (   0,    4) (   0,    0) (   0,    0) (   0,    0)
          (   2,    0) (   0,    4) (   0,    0) (   0,    0) (   0,    0) (   2,    0) (   0,    2) (   0,    0) (   0,    0) (   0,    0)
          (   2,    0) (   0,    1) (   0,    0) (   0,    0) (   0,    0) (   2,    0) (   0,    3) (   0,    0) (   0,    0) (   0,    0)
          (   2,    0) (   0,    5) (   0,    0) (   0,    0) (   0,    0) (   2,    0) (   0,    1) (   0,    0) (   0,    0) (   0,    0)
          (   2,    0) (   0,    3) (   0,    0) (   0,    0) (   0,    0) (   2,    0) (   0,    1) (   0,    0) (   0,    0) (   0,    0)
          (   2,    0) (   0,    2) (   0,    0) (   0,    0) (   0,    0) (   2,    0) (   0,    3) (   0,    0) (   0,    0) (   0,    0)
          (   2,    0) (   0,    4) (   0,    0) (   0,    0) (   0,    0) (   2,    0) (   0,    1) (   0,    0) (   0,    0) (   0,    0)
          (   2,    0) (   0,    2) (   0,    0) (   0,    0) (   0,    0) (   2,    0) (   0,    2) (   0,    0) (   0,    0) (   0,    0)
          (   2,    0) (   0,    4) (   0,    0) (   0,    0) (   0,    0) (   2,    0) (   0,    2) (   0,    0) (   0,    0) (   0,    0)
          (   2,    0) (   0,    4) (   0,    0) (   0,    0) (   0,    0) (   2,    0) (   0,    1) (   0,    0) (   0,    0) (   0,    0)
          (   2,    0) (   0,    0) (   0,    0) (   0,    0) (   0,    0) (   2,    0) (   0,    5) (   0,    0) (   0,    0) (   0,    0)
          (   2,    0) (   0,    2) (   0,    0) (   0,    0) (   0,    0) (   2,    0) (   0,    4) (   0,    0) (   0,    0) (   0,    0)
          (   2,    0) (   0,    0) (   0,    0) (   0,    0) (   0,    0) (   2,    0) (   0,    1) (   0,    0) (   0,    0) (   0,    0)
          (   2,    0) (   0,    2) (   0,    0) (   0,    0) (   0,    0) (   2,    0) (   0,    4) (   0,    0) (   0,    0) (   0,    0)
          (   2,    0) (   0,    1) (   0,    0) (   0,    0) (   0,    0) (   2,    0) (   0,    1) (   0,    0) (   0,    0) (   0,    0)
          (   2,    0) (   0,    2) (   0,    0) (   0,    0) (   0,    0) (   2,    0) (   0,    3) (   0,    0) (   0,    0) (   0,    0)
          (   2,    0) (   0,    1) (   0,    0) (   0,    0) (   0,    0) (   2,    0) (   0,    3) (   0,    0) (   0,    0) (   0,    0)
          (   2,    0) (   0,    1) (   0,    0) (   0,    0) (   0,    0) (   2,    0) (   0,    1) (   0,    0) (   0,    0) (   0,    0)
          (   2,    0) (   0,    2) (   0,    0) (   0,    0) (   0,    0) (   2,    0) (   0,    1) (   0,    0) (   0,    0) (   0,    0)
          (   2,    0) (   0,    3) (   0,    0) (   0,    0) (   0,    0) (   2,    0) (   0,    0) (   0,    0) (   0,    0) (   0,    0)
          (   2,    0) (   0,    1) (   0,    0) (   0,    0) (   0,    0) (   2,    0) (   0,    2) (   0,    0) (   0,    0) (   0,    0)
         
node   9 sent_total    279  recv_total    310

node  10  (   0,    0) (   0,    0) (   1,    0) (   0,    0) (   0,    1) (   2,    0) (   0,    0) (   0,    0) (   0,    0) (   0,    0)
          (   2,    0) (   0,    0) (   0,    0) (   0,    0) (   0,    0) (   2,    0) (   0,    1) (   0,    0) (   0,    0) (   0,    0)
          (   2,    0) (   0,    1) (   0,    0) (   0,    0) (   0,    0) (   2,    0) (   0,    2) (   0,    0) (   0,    0) (   0,    0)
          (   2,    0) (   0,    2) (   0,    0) (   0,    0) (   0,    0) (   2,    0) (   0,    3) (   0,    0) (   0,    0) (   0,    0)
          (   2,    0) (   0,    3) (   0,    0) (   0,    0) (   0,    0) (   2,    0) (   0,    2) (   0,    0) (   0,    0) (   0,    0)
          (   2,    0) (   0,    0) (   0,    0) (   0,    0) (   0,    0) (   2,    0) (   0,    2) (   0,    0) (   0,    0) (   0,    0)
          (   2,    0) (   0,    1) (   0,    0) (   0,    0) (   0,    0) (   2,    0) (   0,    2) (   0,    0) (   0,    0) (   0,    0)
          (   2,    0) (   0,    1) (   0,    0) (   0,    0) (   0,    0) (   2,    0) (   0,    3) (   0,    0) (   0,    0) (   0,    0)
          (   2,    0) (   0,    1) (   0,    0) (   0,    0) (   0,    0) (   2,    0) (   0,    4) (   0,    0) (   0,    0) (   0,    0)
          (   2,    0) (   0,    1) (   0,    0) (   0,    0) (   0,    0) (   2,    0) (   0,    2) (   0,    0) (   0,    0) (   0,    0)
          (   2,    0) (   0,    3) (   0,    0) (   0,    0) (   0,    0) (   2,    0) (   0,    3) (   0,    0) (   0,    0) (   0,    0)
          (   2,    0) (   0,    1) (   0,    0) (   0,    0) (   0,    0) (   2,    0) (   0,    4) (   0,    0) (   0,    0) (   0,    0)
          (   2,    0) (   0,    0) (   0,    0) (   0,    0) (   0,    0) (   2,    0) (   0,    1) (   0,    0) (   0,    0) (   0,    0)
          (   2,    0) (   0,    1) (   0,    0) (   0,    0) (   0,    0) (   2,    0) (   0,    2) (   0,    0) (   0,    0) (   0,    0)
          (   2,    0) (   0,    4) (   0,    0) (   0,    0) (   0,    0) (   2,    0) (   0,    3) (   0,    0) (   0,    0) (   0,    0)
          (   2,    0) (   0,    0) (   0,    0) (   0,    0) (   0,    0) (   2,    0) (   0,    1) (   0,    0) (   0,    0) (   0,    0)
          (   2,    0) (   0,    2) (   0,    0) (   0,    0) (   0,    0) (   2,    0) (   0,    3) (   0,    0) (   0,    0) (   0,    0)
          (   2,    0) (   0,    1) (   0,    0) (   0,    0) (   0,    0) (   2,    0) (   0,    2) (   0,    0) (   0,    0) (   0,    0)
          (   2,    0) (   0,    1) (   0,    0) (   0,    0) (   0,    0) (   2,    0) (   0,    1) (   0,    0) (   0,    0) (   0,    0)
          (   2,    0) (   0,    1) (   0,    0) (   0,    0) (   0,    0) (   2,    0) (   0,    0) (   0,    0) (   0,    0) (   0,    0)
          (   2,    0) (   0,    2) (   0,    0) (   0,    0) (   0,    0) (   2,    0) (   0,    2) (   0,    0) (   0,    0) (   0,    0)
          (   2,    0) (   0,    2) (   0,    0) (   0,    0) (   0,    0) (   2,    0) (   0,    1) (   0,    0) (   0,    0) (   0,    0)
          (   2,    0) (   0,    2) (   0,    0) (   0,    0) (   0,    0) (   2,    0) (   0,    1) (   0,    0) (   0,    0) (   0,    0)
          (   2,    0) (   0,    2) (   0,    0) (   0,    0) (   0,    0) (   2,    0) (   0,    3) (   0,    0) (   0,    0) (   0,    0)
          (   2,    0) (   0,    3) (   0,    0) (   0,    0) (   0,    0) (   2,    0) (   0,    1) (   0,    0) (   0,    0) (   0,    0)
          (   2,    0) (   0,    2) (   0,    0) (   0,    0) (   0,    0) (   2,    0) (   0,    2) (   0,    0) (   0,    0) (   0,    0)
          (   2,    0) (   0,    5) (   0,    0) (   0,    0) (   0,    0) (   2,    0) (   0,    2) (   0,    0) (   0,    0) (   0,    0)
          (   2,    0) (   0,    2) (   0,    0) (   0,    0) (   0,    0) (   2,    0) (   0,    5) (   0,    0) (   0,    0) (   0,    0)
          (   2,    0) (   0,    1) (   0,    0) (   0,    0) (   0,    0) (   2,    0) (   0,    1) (   0,    0) (   0,    0) (   0,    0)
          (   2,    0) (   0,    5) (   0,    0) (   0,    0) (   0,    0) (   2,    0) (   0,    2) (   0,    0) (   0,    0) (   0,    0)
          (   2,    0) (   0,    1) (   0,    0) (   0,    0) (   0,    0) (   2,    0) (   0,    1) (   0,    0) (   0,    0) (   0,    0)
          (   2,    0) (   0,    1) (   0,    0) (   0,    0) (   0,    0) (   2,    0) (   0,    1) (   0,    0) (   0,    0) (   0,    0)
          (   2,    0) (   0,    1) (   0,    0) (   0,    0) (   0,    0) (   2,    0) (   0,    1) (   0,    0) (   0,    0) (   0,    0)
          (   2,    0) (   0,    1) (   0,    0) (   0,    0) (   0,    0) (   2,    0) (   0,    2) (   0,    0) (   0,    0) (   0,    0)
          (   2,    0) (   0,    3) (   0,    0) (   0,    0) (   0,    0) (   2,    0) (   0,    0) (   0,    0) (   0,    0) (   0,    0)
          (   2,    0) (   0,    1) (   0,    0) (   0,    0) (   0,    0) (   2,    0) (   0,    2) (   0,    0) (   0,    0) (   0,    0)
          (   2,    0) (   0,    1) (   0,    0) (   0,    0) (   0,    0) (   2,    0) (   0,    2) (   0,    0) (   0,    0) (   0,    0)
          (   2,    0) (   0,    0) (   0,    0) (   0,    0) (   0,    0) (   2,    0) (   0,    1) (   0,    0) (   0,    0) (   0,    0)
          (   2,    0) (   0,    2) (   0,    0) (   0,    0) (   0,    0) (   2,    0) (   0,    0) (   0,    0) (   0,    0) (   0,    0)
          (   2,    0) (   0,    4) (   0,    0) (   0,    0) (   0,    0) (   2,    0) (   0,    2) (   0,    0) (   0,    0) (   0,    0)
          (   2,    0) (   0,    3) (   0,    0) (   0,    0) (   0,    0) (   2,    0) (   0,    2) (   0,    0) (   0,    0) (   0,    0)
          (   2,    0) (   0,    4) (   0,    0) (   0,    0) (   0,    0) (   2,    0) (   0,    1) (   0,    0) (   0,    0) (   0,    0)
          (   2,    0) (   0,    3) (   0,    0) (   0,    0) (   0,    0) (   2,    0) (   0,    5) (   0,    0) (   0,    0) (   0,    0)
          (   2,    0) (   0,    3) (   0,    0) (   0,    0) (   0,    0) (   2,    0) (   0,    3) (   0,    0) (   0,    0) (   0,    0)
          (   2,    0) (   0,    4) (   0,    0) (   0,    0) (   0,    0) (   2,    0) (   0,    2) (   0,    0) (   0,    0) (   0,    0)
          (   2,    0) (   0,    1) (   0,    0) (   0,    0) (   0,    0) (   2,    0) (   0,    2) (   0,    0) (   0,    0) (   0,    0)
          (   2,    0) (   0,    2) (   0,    0) (   0,    0) (   0,    0) (   2,    0) (   0,    2) (   0,    0) (   0,    0) (   0,    0)
          (   2,    0) (   0,    2) (   0,    0) (   0,    0) (   0,    0) (   2,    0) (   0,    2) (   0,    0) (   0,    0) (   0,    0)
          (   2,    0) (   0,    1) (   0,    0) (   0,    0) (   0,    0) (   2,    0) (   0,    6) (   0,    0) (   0,    0) (   0,    0)
          (   2,    0) (   0,    2) (   0,    0) (   0,    0) (   0,    0) (   2,    0) (   0,    1) (   0,    0) (   0,    0) (   0,    0)
          (   2,    0) (   0,    1) (   0,    0) (   0,    0) (   0,    0) (   2,    0) (   0,    1) (   0,    0) (   0,    0) (   0,    0)
          (   2,    0) (   0,    6) (   0,    0) (   0,    0) (   0,    0) (   2,    0) (   0,    0) (   0,    0) (   0,    0) (   0,    0)
          (   2,    0) (   0,    1) (   0,    0) (   0,    0) (   0,    0) (   2,    0) (   0,    0) (   0,    0) (   0,    0) (   0,    0)
          (   2,    0) (   0,    3) (   0,    0) (   0,    0) (   0,    0) (   2,    0) (   0,    2) (   0,    0) (   0,    0) (   0,    0)
          (   2,    0) (   0,    3) (   0,    0) (   0,    0) (   0,    0) (   2,    0) (   0,    5) (   0,    0) (   0,    0) (   0,    0)
          (   2,    0) (   0,    3) (   0,    0) (   0,    0) (   0,    0) (   2,    0) (   0,    1) (   0,    0) (   0,    0) (   0,    0)
          (   2,    0) (   0,    3) (   0,    0) (   0,    0) (   0,    0) (   2,    0) (   0,    3) (   0,    0) (   0,    0) (   0,    0)
          (   2,    0) (   0,    3) (   0,    0) (   0,    0) (   0,    0) (   2,    0) (   0,    1) (   0,    0) (   0,    0) (   0,    0)
          (   2,    0) (   0,    1) (   0,    0) (   0,    0) (   0,    0) (   2,    0) (   0,    2) (   0,    0) (   0,    0) (   0,    0)
          (   2,    0) (   0,    1) (   0,    0) (   0,    0) (   0,    0) (   2,    0) (   0,    1) (   0,    0) (   0,    0) (   0,    0)
          (   2,    0) (   0,    0) (   0,    0) (   0,    0) (   0,    0) (   2,    0) (   0,    1) (   0,    0) (   0,    0) (   0,    0)
          (   2,    0) (   0,    0) (   0,    0) (   0,    0) (   0,    0) (   2,    0) (   0,    2) (   0,    0) (   0,    0) (   0,    0)
          (   2,    0) (   0,    3) (   0,    0) (   0,    0) (   0,    0) (   2,    0) (   0,    3) (   0,    0) (   0,    0) (   0,    0)
          (   2,    0) (   0,    3) (   0,    0) (   0,    0) (   0,    0) (   2,    0) (   0,    3) (   0,    0) (   0,    0) (   0,    0)
          (   2,    0) (   0,    0) (   0,    0) (   0,    0) (   0,    0) (   2,    0) (   0,    3) (   0,    0) (   0,    0) (   0,    0)
          (   2,    0) (   0,    2) (   0,    0) (   0,    0) (   0,    0) (   2,    0) (   0,    1) (   0,    0) (   0,    0) (   0,    0)
          (   2,    0) (   0,    0) (   0,    0) (   0,    0) (   0,    0) (   2,    0) (   0,    3) (   0,    0) (   0,    0) (   0,    0)
          (   2,    0) (   0,    3) (   0,    0) (   0,    0) (   0,    0) (   2,    0) (   0,    1) (   0,    0) (   0,    0) (   0,    0)
          (   2,    0) (   0,    0) (   0,    0) (   0,    0) (   0,    0) (   2,    0) (   0,    2) (   0,    0) (   0,    0) (   0,    0)
          (   2,    0) (   0,    3) (   0,    0) (   0,    0) (   0,    0) (   2,    0) (   0,    0) (   0,    0) (   0,    0) (   0,    0)
         
node  10 sent_total    279  recv_total    264

